{"D:\\replit_projects\\new_2\\Portfolio-Fixer\\artifacts\\api-server\\build.mjs": {"path":"D:\\replit_projects\\new_2\\Portfolio-Fixer\\artifacts\\api-server\\build.mjs","all":true,"statementMap":{"0":{"start":{"line":1,"column":0},"end":{"line":1,"column":44}},"1":{"start":{"line":2,"column":0},"end":{"line":2,"column":29}},"2":{"start":{"line":3,"column":0},"end":{"line":3,"column":41}},"3":{"start":{"line":4,"column":0},"end":{"line":4,"column":43}},"4":{"start":{"line":5,"column":0},"end":{"line":5,"column":52}},"5":{"start":{"line":6,"column":0},"end":{"line":6,"column":38}},"7":{"start":{"line":8,"column":0},"end":{"line":8,"column":81}},"8":{"start":{"line":9,"column":0},"end":{"line":9,"column":52}},"10":{"start":{"line":11,"column":0},"end":{"line":11,"column":65}},"12":{"start":{"line":13,"column":0},"end":{"line":13,"column":27}},"13":{"start":{"line":14,"column":0},"end":{"line":14,"column":52}},"14":{"start":{"line":15,"column":0},"end":{"line":15,"column":54}},"16":{"start":{"line":17,"column":0},"end":{"line":17,"column":17}},"17":{"start":{"line":18,"column":0},"end":{"line":18,"column":61}},"18":{"start":{"line":19,"column":0},"end":{"line":19,"column":21}},"19":{"start":{"line":20,"column":0},"end":{"line":20,"column":17}},"20":{"start":{"line":21,"column":0},"end":{"line":21,"column":18}},"21":{"start":{"line":22,"column":0},"end":{"line":22,"column":20}},"22":{"start":{"line":23,"column":0},"end":{"line":23,"column":36}},"23":{"start":{"line":24,"column":0},"end":{"line":24,"column":21}},"24":{"start":{"line":25,"column":0},"end":{"line":25,"column":99}},"25":{"start":{"line":26,"column":0},"end":{"line":26,"column":121}},"26":{"start":{"line":27,"column":0},"end":{"line":27,"column":41}},"27":{"start":{"line":28,"column":0},"end":{"line":28,"column":68}},"28":{"start":{"line":29,"column":0},"end":{"line":29,"column":104}},"29":{"start":{"line":30,"column":0},"end":{"line":30,"column":15}},"30":{"start":{"line":31,"column":0},"end":{"line":31,"column":15}},"31":{"start":{"line":32,"column":0},"end":{"line":32,"column":14}},"32":{"start":{"line":33,"column":0},"end":{"line":33,"column":23}},"33":{"start":{"line":34,"column":0},"end":{"line":34,"column":16}},"34":{"start":{"line":35,"column":0},"end":{"line":35,"column":15}},"35":{"start":{"line":36,"column":0},"end":{"line":36,"column":15}},"36":{"start":{"line":37,"column":0},"end":{"line":37,"column":15}},"37":{"start":{"line":38,"column":0},"end":{"line":38,"column":17}},"38":{"start":{"line":39,"column":0},"end":{"line":39,"column":12}},"39":{"start":{"line":40,"column":0},"end":{"line":40,"column":17}},"40":{"start":{"line":41,"column":0},"end":{"line":41,"column":21}},"41":{"start":{"line":42,"column":0},"end":{"line":42,"column":19}},"42":{"start":{"line":43,"column":0},"end":{"line":43,"column":23}},"43":{"start":{"line":44,"column":0},"end":{"line":44,"column":13}},"44":{"start":{"line":45,"column":0},"end":{"line":45,"column":21}},"45":{"start":{"line":46,"column":0},"end":{"line":46,"column":24}},"46":{"start":{"line":47,"column":0},"end":{"line":47,"column":20}},"47":{"start":{"line":48,"column":0},"end":{"line":48,"column":21}},"48":{"start":{"line":49,"column":0},"end":{"line":49,"column":18}},"49":{"start":{"line":50,"column":0},"end":{"line":50,"column":17}},"50":{"start":{"line":51,"column":0},"end":{"line":51,"column":34}},"51":{"start":{"line":52,"column":0},"end":{"line":52,"column":19}},"52":{"start":{"line":53,"column":0},"end":{"line":53,"column":19}},"53":{"start":{"line":54,"column":0},"end":{"line":54,"column":13}},"54":{"start":{"line":55,"column":0},"end":{"line":55,"column":16}},"55":{"start":{"line":56,"column":0},"end":{"line":56,"column":19}},"56":{"start":{"line":57,"column":0},"end":{"line":57,"column":25}},"57":{"start":{"line":58,"column":0},"end":{"line":58,"column":22}},"58":{"start":{"line":59,"column":0},"end":{"line":59,"column":23}},"59":{"start":{"line":60,"column":0},"end":{"line":60,"column":21}},"60":{"start":{"line":61,"column":0},"end":{"line":61,"column":16}},"61":{"start":{"line":62,"column":0},"end":{"line":62,"column":15}},"62":{"start":{"line":63,"column":0},"end":{"line":63,"column":19}},"63":{"start":{"line":64,"column":0},"end":{"line":64,"column":17}},"64":{"start":{"line":65,"column":0},"end":{"line":65,"column":25}},"65":{"start":{"line":66,"column":0},"end":{"line":66,"column":24}},"66":{"start":{"line":67,"column":0},"end":{"line":67,"column":18}},"67":{"start":{"line":68,"column":0},"end":{"line":68,"column":19}},"68":{"start":{"line":69,"column":0},"end":{"line":69,"column":23}},"69":{"start":{"line":70,"column":0},"end":{"line":70,"column":24}},"70":{"start":{"line":71,"column":0},"end":{"line":71,"column":31}},"71":{"start":{"line":72,"column":0},"end":{"line":72,"column":23}},"72":{"start":{"line":73,"column":0},"end":{"line":73,"column":16}},"73":{"start":{"line":74,"column":0},"end":{"line":74,"column":22}},"74":{"start":{"line":75,"column":0},"end":{"line":75,"column":17}},"75":{"start":{"line":76,"column":0},"end":{"line":76,"column":17}},"76":{"start":{"line":77,"column":0},"end":{"line":77,"column":13}},"77":{"start":{"line":78,"column":0},"end":{"line":78,"column":16}},"78":{"start":{"line":79,"column":0},"end":{"line":79,"column":17}},"79":{"start":{"line":80,"column":0},"end":{"line":80,"column":18}},"80":{"start":{"line":81,"column":0},"end":{"line":81,"column":18}},"81":{"start":{"line":82,"column":0},"end":{"line":82,"column":15}},"82":{"start":{"line":83,"column":0},"end":{"line":83,"column":17}},"83":{"start":{"line":84,"column":0},"end":{"line":84,"column":13}},"84":{"start":{"line":85,"column":0},"end":{"line":85,"column":16}},"85":{"start":{"line":86,"column":0},"end":{"line":86,"column":14}},"86":{"start":{"line":87,"column":0},"end":{"line":87,"column":17}},"87":{"start":{"line":88,"column":0},"end":{"line":88,"column":16}},"88":{"start":{"line":89,"column":0},"end":{"line":89,"column":22}},"89":{"start":{"line":90,"column":0},"end":{"line":90,"column":18}},"90":{"start":{"line":91,"column":0},"end":{"line":91,"column":19}},"91":{"start":{"line":92,"column":0},"end":{"line":92,"column":15}},"92":{"start":{"line":93,"column":0},"end":{"line":93,"column":17}},"93":{"start":{"line":94,"column":0},"end":{"line":94,"column":12}},"94":{"start":{"line":95,"column":0},"end":{"line":95,"column":16}},"95":{"start":{"line":96,"column":0},"end":{"line":96,"column":17}},"96":{"start":{"line":97,"column":0},"end":{"line":97,"column":15}},"97":{"start":{"line":98,"column":0},"end":{"line":98,"column":24}},"98":{"start":{"line":99,"column":0},"end":{"line":99,"column":19}},"99":{"start":{"line":100,"column":0},"end":{"line":100,"column":18}},"100":{"start":{"line":101,"column":0},"end":{"line":101,"column":23}},"101":{"start":{"line":102,"column":0},"end":{"line":102,"column":17}},"102":{"start":{"line":103,"column":0},"end":{"line":103,"column":6}},"103":{"start":{"line":104,"column":0},"end":{"line":104,"column":24}},"104":{"start":{"line":105,"column":0},"end":{"line":105,"column":14}},"105":{"start":{"line":106,"column":0},"end":{"line":106,"column":107}},"106":{"start":{"line":107,"column":0},"end":{"line":107,"column":56}},"107":{"start":{"line":108,"column":0},"end":{"line":108,"column":6}},"108":{"start":{"line":109,"column":0},"end":{"line":109,"column":114}},"109":{"start":{"line":110,"column":0},"end":{"line":110,"column":13}},"110":{"start":{"line":111,"column":0},"end":{"line":111,"column":72}},"111":{"start":{"line":112,"column":0},"end":{"line":112,"column":37}},"112":{"start":{"line":113,"column":0},"end":{"line":113,"column":35}},"114":{"start":{"line":115,"column":0},"end":{"line":115,"column":52}},"115":{"start":{"line":116,"column":0},"end":{"line":116,"column":67}},"116":{"start":{"line":117,"column":0},"end":{"line":117,"column":67}},"117":{"start":{"line":118,"column":0},"end":{"line":118,"column":6}},"118":{"start":{"line":119,"column":0},"end":{"line":119,"column":6}},"119":{"start":{"line":120,"column":0},"end":{"line":120,"column":5}},"120":{"start":{"line":121,"column":0},"end":{"line":121,"column":1}},"122":{"start":{"line":123,"column":0},"end":{"line":123,"column":27}},"123":{"start":{"line":124,"column":0},"end":{"line":124,"column":21}},"124":{"start":{"line":125,"column":0},"end":{"line":125,"column":18}},"125":{"start":{"line":126,"column":0},"end":{"line":126,"column":3}}},"s":{"0":0,"1":0,"2":0,"3":0,"4":0,"5":0,"7":0,"8":0,"10":0,"12":0,"13":0,"14":0,"16":0,"17":0,"18":0,"19":0,"20":0,"21":0,"22":0,"23":0,"24":0,"25":0,"26":0,"27":0,"28":0,"29":0,"30":0,"31":0,"32":0,"33":0,"34":0,"35":0,"36":0,"37":0,"38":0,"39":0,"40":0,"41":0,"42":0,"43":0,"44":0,"45":0,"46":0,"47":0,"48":0,"49":0,"50":0,"51":0,"52":0,"53":0,"54":0,"55":0,"56":0,"57":0,"58":0,"59":0,"60":0,"61":0,"62":0,"63":0,"64":0,"65":0,"66":0,"67":0,"68":0,"69":0,"70":0,"71":0,"72":0,"73":0,"74":0,"75":0,"76":0,"77":0,"78":0,"79":0,"80":0,"81":0,"82":0,"83":0,"84":0,"85":0,"86":0,"87":0,"88":0,"89":0,"90":0,"91":0,"92":0,"93":0,"94":0,"95":0,"96":0,"97":0,"98":0,"99":0,"100":0,"101":0,"102":0,"103":0,"104":0,"105":0,"106":0,"107":0,"108":0,"109":0,"110":0,"111":0,"112":0,"114":0,"115":0,"116":0,"117":0,"118":0,"119":0,"120":0,"122":0,"123":0,"124":0,"125":0},"branchMap":{"0":{"type":"branch","line":1,"loc":{"start":{"line":1,"column":0},"end":{"line":126,"column":-586}},"locations":[{"start":{"line":1,"column":0},"end":{"line":126,"column":-586}}]}},"b":{"0":[0]},"fnMap":{"0":{"name":"(empty-report)","decl":{"start":{"line":1,"column":0},"end":{"line":126,"column":-586}},"loc":{"start":{"line":1,"column":0},"end":{"line":126,"column":-586}},"line":1}},"f":{"0":0}}
,"D:\\replit_projects\\new_2\\Portfolio-Fixer\\artifacts\\api-server\\src\\app.ts": {"path":"D:\\replit_projects\\new_2\\Portfolio-Fixer\\artifacts\\api-server\\src\\app.ts","all":false,"statementMap":{"0":{"start":{"line":1,"column":0},"end":{"line":1,"column":77}},"1":{"start":{"line":2,"column":0},"end":{"line":2,"column":24}},"2":{"start":{"line":3,"column":0},"end":{"line":3,"column":38}},"3":{"start":{"line":4,"column":0},"end":{"line":4,"column":28}},"4":{"start":{"line":5,"column":0},"end":{"line":5,"column":33}},"5":{"start":{"line":6,"column":0},"end":{"line":6,"column":41}},"6":{"start":{"line":7,"column":0},"end":{"line":7,"column":36}},"7":{"start":{"line":8,"column":0},"end":{"line":8,"column":30}},"8":{"start":{"line":9,"column":0},"end":{"line":9,"column":35}},"9":{"start":{"line":10,"column":0},"end":{"line":10,"column":38}},"10":{"start":{"line":11,"column":0},"end":{"line":11,"column":57}},"11":{"start":{"line":12,"column":0},"end":{"line":12,"column":54}},"12":{"start":{"line":13,"column":0},"end":{"line":13,"column":58}},"14":{"start":{"line":15,"column":0},"end":{"line":15,"column":43}},"15":{"start":{"line":16,"column":0},"end":{"line":16,"column":7}},"16":{"start":{"line":17,"column":0},"end":{"line":17,"column":32}},"17":{"start":{"line":18,"column":0},"end":{"line":18,"column":57}},"18":{"start":{"line":19,"column":0},"end":{"line":19,"column":11}},"19":{"start":{"line":20,"column":0},"end":{"line":20,"column":17}},"20":{"start":{"line":21,"column":0},"end":{"line":21,"column":3}},"21":{"start":{"line":22,"column":0},"end":{"line":22,"column":1}},"23":{"start":{"line":24,"column":0},"end":{"line":24,"column":31}},"25":{"start":{"line":26,"column":0},"end":{"line":26,"column":16}},"26":{"start":{"line":27,"column":0},"end":{"line":27,"column":26}},"27":{"start":{"line":28,"column":0},"end":{"line":28,"column":17}},"28":{"start":{"line":29,"column":0},"end":{"line":29,"column":29}},"31":{"start":{"line":32,"column":0},"end":{"line":32,"column":28}},"32":{"start":{"line":33,"column":0},"end":{"line":33,"column":78}},"33":{"start":{"line":34,"column":0},"end":{"line":34,"column":55}},"34":{"start":{"line":35,"column":0},"end":{"line":35,"column":68}},"35":{"start":{"line":36,"column":0},"end":{"line":36,"column":77}},"36":{"start":{"line":37,"column":0},"end":{"line":37,"column":27}},"37":{"start":{"line":38,"column":0},"end":{"line":38,"column":28}},"38":{"start":{"line":39,"column":0},"end":{"line":39,"column":26}},"39":{"start":{"line":40,"column":0},"end":{"line":40,"column":29}},"40":{"start":{"line":41,"column":0},"end":{"line":41,"column":28}},"41":{"start":{"line":42,"column":0},"end":{"line":42,"column":81}},"42":{"start":{"line":43,"column":0},"end":{"line":43,"column":6}},"43":{"start":{"line":44,"column":0},"end":{"line":44,"column":4}},"44":{"start":{"line":45,"column":0},"end":{"line":45,"column":35}},"45":{"start":{"line":46,"column":0},"end":{"line":46,"column":4}},"47":{"start":{"line":48,"column":0},"end":{"line":48,"column":8}},"48":{"start":{"line":49,"column":0},"end":{"line":49,"column":12}},"49":{"start":{"line":50,"column":0},"end":{"line":50,"column":11}},"50":{"start":{"line":51,"column":0},"end":{"line":51,"column":18}},"51":{"start":{"line":52,"column":0},"end":{"line":52,"column":16}},"52":{"start":{"line":53,"column":0},"end":{"line":53,"column":16}},"53":{"start":{"line":54,"column":0},"end":{"line":54,"column":21}},"54":{"start":{"line":55,"column":0},"end":{"line":55,"column":29}},"55":{"start":{"line":56,"column":0},"end":{"line":56,"column":38}},"56":{"start":{"line":57,"column":0},"end":{"line":57,"column":10}},"57":{"start":{"line":58,"column":0},"end":{"line":58,"column":8}},"58":{"start":{"line":59,"column":0},"end":{"line":59,"column":16}},"59":{"start":{"line":60,"column":0},"end":{"line":60,"column":16}},"60":{"start":{"line":61,"column":0},"end":{"line":61,"column":37}},"61":{"start":{"line":62,"column":0},"end":{"line":62,"column":10}},"62":{"start":{"line":63,"column":0},"end":{"line":63,"column":8}},"63":{"start":{"line":64,"column":0},"end":{"line":64,"column":6}},"64":{"start":{"line":65,"column":0},"end":{"line":65,"column":5}},"65":{"start":{"line":66,"column":0},"end":{"line":66,"column":2}},"67":{"start":{"line":68,"column":0},"end":{"line":68,"column":24}},"68":{"start":{"line":69,"column":0},"end":{"line":69,"column":26}},"69":{"start":{"line":70,"column":0},"end":{"line":70,"column":26}},"70":{"start":{"line":71,"column":0},"end":{"line":71,"column":28}},"71":{"start":{"line":72,"column":0},"end":{"line":72,"column":29}},"72":{"start":{"line":73,"column":0},"end":{"line":73,"column":75}},"73":{"start":{"line":74,"column":0},"end":{"line":74,"column":59}},"75":{"start":{"line":76,"column":0},"end":{"line":76,"column":14}},"76":{"start":{"line":77,"column":0},"end":{"line":77,"column":25}},"77":{"start":{"line":78,"column":0},"end":{"line":78,"column":20}},"78":{"start":{"line":79,"column":0},"end":{"line":79,"column":4}},"80":{"start":{"line":81,"column":0},"end":{"line":81,"column":24}},"81":{"start":{"line":82,"column":0},"end":{"line":82,"column":23}},"82":{"start":{"line":83,"column":0},"end":{"line":83,"column":40}},"83":{"start":{"line":84,"column":0},"end":{"line":84,"column":62}},"86":{"start":{"line":87,"column":0},"end":{"line":87,"column":29}},"87":{"start":{"line":88,"column":0},"end":{"line":88,"column":76}},"88":{"start":{"line":89,"column":0},"end":{"line":89,"column":42}},"89":{"start":{"line":90,"column":0},"end":{"line":90,"column":43}},"90":{"start":{"line":91,"column":0},"end":{"line":91,"column":9}},"91":{"start":{"line":92,"column":0},"end":{"line":92,"column":3}},"93":{"start":{"line":94,"column":0},"end":{"line":94,"column":54}},"94":{"start":{"line":95,"column":0},"end":{"line":95,"column":55}},"95":{"start":{"line":96,"column":0},"end":{"line":96,"column":2}},"97":{"start":{"line":98,"column":0},"end":{"line":98,"column":40}},"98":{"start":{"line":99,"column":0},"end":{"line":99,"column":43}},"100":{"start":{"line":101,"column":0},"end":{"line":101,"column":32}},"101":{"start":{"line":102,"column":0},"end":{"line":102,"column":35}},"102":{"start":{"line":103,"column":0},"end":{"line":103,"column":24}},"103":{"start":{"line":104,"column":0},"end":{"line":104,"column":29}},"105":{"start":{"line":106,"column":0},"end":{"line":106,"column":42}},"106":{"start":{"line":107,"column":0},"end":{"line":107,"column":24}},"107":{"start":{"line":108,"column":0},"end":{"line":108,"column":23}},"108":{"start":{"line":109,"column":0},"end":{"line":109,"column":26}},"109":{"start":{"line":110,"column":0},"end":{"line":110,"column":23}},"110":{"start":{"line":111,"column":0},"end":{"line":111,"column":5}},"111":{"start":{"line":112,"column":0},"end":{"line":112,"column":3}},"113":{"start":{"line":114,"column":0},"end":{"line":114,"column":22}},"115":{"start":{"line":116,"column":0},"end":{"line":116,"column":19}}},"s":{"0":1,"1":1,"2":1,"3":1,"4":1,"5":1,"6":1,"7":1,"8":1,"9":1,"10":1,"11":1,"12":1,"14":92,"15":92,"16":92,"17":92,"18":92,"19":0,"20":0,"21":92,"23":1,"25":1,"26":1,"27":1,"28":1,"31":1,"32":1,"33":1,"34":1,"35":1,"36":1,"37":1,"38":1,"39":1,"40":1,"41":1,"42":1,"43":1,"44":1,"45":1,"47":1,"48":1,"49":1,"50":1,"51":1,"52":0,"53":0,"54":0,"55":0,"56":0,"57":0,"58":1,"59":0,"60":0,"61":0,"62":0,"63":1,"64":1,"65":1,"67":1,"68":1,"69":1,"70":1,"71":1,"72":1,"73":1,"75":1,"76":1,"77":1,"78":1,"80":1,"81":1,"82":1,"83":1,"86":1,"87":140,"88":140,"89":140,"90":140,"91":140,"93":1,"94":2,"95":2,"97":1,"98":1,"100":1,"101":1,"102":1,"103":1,"105":1,"106":4,"107":4,"108":4,"109":4,"110":4,"111":4,"113":1,"115":1},"branchMap":{"0":{"type":"branch","line":42,"loc":{"start":{"line":42,"column":56},"end":{"line":42,"column":76}},"locations":[{"start":{"line":42,"column":56},"end":{"line":42,"column":76}}]},"1":{"type":"branch","line":73,"loc":{"start":{"line":73,"column":14},"end":{"line":73,"column":65}},"locations":[{"start":{"line":73,"column":14},"end":{"line":73,"column":65}}]},"2":{"type":"branch","line":15,"loc":{"start":{"line":15,"column":0},"end":{"line":22,"column":1}},"locations":[{"start":{"line":15,"column":0},"end":{"line":22,"column":1}}]},"3":{"type":"branch","line":19,"loc":{"start":{"line":19,"column":2},"end":{"line":21,"column":3}},"locations":[{"start":{"line":19,"column":2},"end":{"line":21,"column":3}}]},"4":{"type":"branch","line":74,"loc":{"start":{"line":74,"column":9},"end":{"line":74,"column":57}},"locations":[{"start":{"line":74,"column":9},"end":{"line":74,"column":57}}]},"5":{"type":"branch","line":74,"loc":{"start":{"line":74,"column":35},"end":{"line":74,"column":57}},"locations":[{"start":{"line":74,"column":35},"end":{"line":74,"column":57}}]},"6":{"type":"branch","line":87,"loc":{"start":{"line":87,"column":8},"end":{"line":92,"column":3}},"locations":[{"start":{"line":87,"column":8},"end":{"line":92,"column":3}}]},"7":{"type":"branch","line":94,"loc":{"start":{"line":94,"column":20},"end":{"line":96,"column":2}},"locations":[{"start":{"line":94,"column":20},"end":{"line":96,"column":2}}]},"8":{"type":"branch","line":106,"loc":{"start":{"line":106,"column":8},"end":{"line":112,"column":3}},"locations":[{"start":{"line":106,"column":8},"end":{"line":112,"column":3}}]}},"b":{"0":[0],"1":[0],"2":[92],"3":[0],"4":[115],"5":[92],"6":[140],"7":[2],"8":[4]},"fnMap":{"0":{"name":"isValidUrl","decl":{"start":{"line":15,"column":0},"end":{"line":22,"column":1}},"loc":{"start":{"line":15,"column":0},"end":{"line":22,"column":1}},"line":15},"1":{"name":"req","decl":{"start":{"line":52,"column":6},"end":{"line":58,"column":8}},"loc":{"start":{"line":52,"column":6},"end":{"line":58,"column":8}},"line":52},"2":{"name":"res","decl":{"start":{"line":59,"column":6},"end":{"line":63,"column":8}},"loc":{"start":{"line":59,"column":6},"end":{"line":63,"column":8}},"line":59},"3":{"name":"csrfHandler","decl":{"start":{"line":94,"column":20},"end":{"line":96,"column":2}},"loc":{"start":{"line":94,"column":20},"end":{"line":96,"column":2}},"line":94}},"f":{"0":92,"1":0,"2":0,"3":2}}
,"D:\\replit_projects\\new_2\\Portfolio-Fixer\\artifacts\\api-server\\src\\index.ts": {"path":"D:\\replit_projects\\new_2\\Portfolio-Fixer\\artifacts\\api-server\\src\\index.ts","all":true,"statementMap":{"0":{"start":{"line":1,"column":0},"end":{"line":1,"column":23}},"1":{"start":{"line":2,"column":0},"end":{"line":2,"column":24}},"2":{"start":{"line":3,"column":0},"end":{"line":3,"column":38}},"4":{"start":{"line":5,"column":0},"end":{"line":5,"column":46}},"5":{"start":{"line":6,"column":0},"end":{"line":6,"column":29}},"7":{"start":{"line":8,"column":0},"end":{"line":8,"column":38}},"8":{"start":{"line":9,"column":0},"end":{"line":9,"column":54}},"9":{"start":{"line":10,"column":0},"end":{"line":10,"column":1}},"11":{"start":{"line":12,"column":0},"end":{"line":12,"column":42}},"12":{"start":{"line":13,"column":0},"end":{"line":13,"column":12}},"13":{"start":{"line":14,"column":0},"end":{"line":14,"column":53}},"14":{"start":{"line":15,"column":0},"end":{"line":15,"column":20}},"15":{"start":{"line":16,"column":0},"end":{"line":16,"column":3}},"17":{"start":{"line":18,"column":0},"end":{"line":18,"column":44}},"18":{"start":{"line":19,"column":0},"end":{"line":19,"column":3}},"21":{"start":{"line":22,"column":0},"end":{"line":22,"column":44}},"22":{"start":{"line":23,"column":0},"end":{"line":23,"column":65}},"24":{"start":{"line":25,"column":0},"end":{"line":25,"column":28}},"25":{"start":{"line":26,"column":0},"end":{"line":26,"column":65}},"27":{"start":{"line":28,"column":0},"end":{"line":28,"column":9}},"28":{"start":{"line":29,"column":0},"end":{"line":29,"column":48}},"29":{"start":{"line":30,"column":0},"end":{"line":30,"column":22}},"30":{"start":{"line":31,"column":0},"end":{"line":31,"column":19}},"31":{"start":{"line":32,"column":0},"end":{"line":32,"column":53}},"32":{"start":{"line":33,"column":0},"end":{"line":33,"column":22}},"33":{"start":{"line":34,"column":0},"end":{"line":34,"column":5}},"34":{"start":{"line":35,"column":0},"end":{"line":35,"column":5}},"37":{"start":{"line":38,"column":0},"end":{"line":38,"column":20}},"38":{"start":{"line":39,"column":0},"end":{"line":39,"column":52}},"39":{"start":{"line":40,"column":0},"end":{"line":40,"column":20}},"40":{"start":{"line":41,"column":0},"end":{"line":41,"column":13}},"41":{"start":{"line":42,"column":0},"end":{"line":42,"column":2}},"43":{"start":{"line":44,"column":0},"end":{"line":44,"column":49}},"44":{"start":{"line":45,"column":0},"end":{"line":45,"column":47}}},"s":{"0":0,"1":0,"2":0,"4":0,"5":0,"7":0,"8":0,"9":0,"11":0,"12":0,"13":0,"14":0,"15":0,"17":0,"18":0,"21":0,"22":0,"24":0,"25":0,"27":0,"28":0,"29":0,"30":0,"31":0,"32":0,"33":0,"34":0,"37":0,"38":0,"39":0,"40":0,"41":0,"43":0,"44":0},"branchMap":{"0":{"type":"branch","line":1,"loc":{"start":{"line":1,"column":0},"end":{"line":45,"column":-273}},"locations":[{"start":{"line":1,"column":0},"end":{"line":45,"column":-273}}]}},"b":{"0":[0]},"fnMap":{"0":{"name":"(empty-report)","decl":{"start":{"line":1,"column":0},"end":{"line":45,"column":-273}},"loc":{"start":{"line":1,"column":0},"end":{"line":45,"column":-273}},"line":1}},"f":{"0":0}}
,"D:\\replit_projects\\new_2\\Portfolio-Fixer\\artifacts\\api-server\\src\\preload-env.ts": {"path":"D:\\replit_projects\\new_2\\Portfolio-Fixer\\artifacts\\api-server\\src\\preload-env.ts","all":true,"statementMap":{"0":{"start":{"line":1,"column":0},"end":{"line":1,"column":34}},"1":{"start":{"line":2,"column":0},"end":{"line":2,"column":40}},"2":{"start":{"line":3,"column":0},"end":{"line":3,"column":36}},"4":{"start":{"line":5,"column":0},"end":{"line":5,"column":58}},"6":{"start":{"line":7,"column":0},"end":{"line":7,"column":18}},"7":{"start":{"line":8,"column":0},"end":{"line":8,"column":32}},"8":{"start":{"line":9,"column":0},"end":{"line":9,"column":38}},"9":{"start":{"line":10,"column":0},"end":{"line":10,"column":2}},"11":{"start":{"line":12,"column":0},"end":{"line":12,"column":33}},"12":{"start":{"line":13,"column":0},"end":{"line":13,"column":7}},"13":{"start":{"line":14,"column":0},"end":{"line":14,"column":54}},"14":{"start":{"line":15,"column":0},"end":{"line":15,"column":48}},"15":{"start":{"line":16,"column":0},"end":{"line":16,"column":34}},"16":{"start":{"line":17,"column":0},"end":{"line":17,"column":56}},"17":{"start":{"line":18,"column":0},"end":{"line":18,"column":41}},"18":{"start":{"line":19,"column":0},"end":{"line":19,"column":33}},"19":{"start":{"line":20,"column":0},"end":{"line":20,"column":49}},"20":{"start":{"line":21,"column":0},"end":{"line":21,"column":50}},"21":{"start":{"line":22,"column":0},"end":{"line":22,"column":59}},"22":{"start":{"line":23,"column":0},"end":{"line":23,"column":59}},"23":{"start":{"line":24,"column":0},"end":{"line":24,"column":35}},"24":{"start":{"line":25,"column":0},"end":{"line":25,"column":7}},"25":{"start":{"line":26,"column":0},"end":{"line":26,"column":54}},"26":{"start":{"line":27,"column":0},"end":{"line":27,"column":5}},"27":{"start":{"line":28,"column":0},"end":{"line":28,"column":12}},"28":{"start":{"line":29,"column":0},"end":{"line":29,"column":1}}},"s":{"0":0,"1":0,"2":0,"4":0,"6":0,"7":0,"8":0,"9":0,"11":0,"12":0,"13":0,"14":0,"15":0,"16":0,"17":0,"18":0,"19":0,"20":0,"21":0,"22":0,"23":0,"24":0,"25":0,"26":0,"27":0,"28":0},"branchMap":{"0":{"type":"branch","line":1,"loc":{"start":{"line":1,"column":0},"end":{"line":29,"column":-340}},"locations":[{"start":{"line":1,"column":0},"end":{"line":29,"column":-340}}]}},"b":{"0":[0]},"fnMap":{"0":{"name":"(empty-report)","decl":{"start":{"line":1,"column":0},"end":{"line":29,"column":-340}},"loc":{"start":{"line":1,"column":0},"end":{"line":29,"column":-340}},"line":1}},"f":{"0":0}}
,"D:\\replit_projects\\new_2\\Portfolio-Fixer\\artifacts\\api-server\\src\\lib\\logger.ts": {"path":"D:\\replit_projects\\new_2\\Portfolio-Fixer\\artifacts\\api-server\\src\\lib\\logger.ts","all":true,"statementMap":{"0":{"start":{"line":1,"column":0},"end":{"line":1,"column":24}},"2":{"start":{"line":3,"column":0},"end":{"line":3,"column":59}},"4":{"start":{"line":5,"column":0},"end":{"line":5,"column":28}},"5":{"start":{"line":6,"column":0},"end":{"line":6,"column":41}},"6":{"start":{"line":7,"column":0},"end":{"line":7,"column":11}},"7":{"start":{"line":8,"column":0},"end":{"line":8,"column":32}},"8":{"start":{"line":9,"column":0},"end":{"line":9,"column":25}},"9":{"start":{"line":10,"column":0},"end":{"line":10,"column":32}},"10":{"start":{"line":11,"column":0},"end":{"line":11,"column":4}},"11":{"start":{"line":12,"column":0},"end":{"line":12,"column":18}},"12":{"start":{"line":13,"column":0},"end":{"line":13,"column":8}},"13":{"start":{"line":14,"column":0},"end":{"line":14,"column":7}},"14":{"start":{"line":15,"column":0},"end":{"line":15,"column":20}},"15":{"start":{"line":16,"column":0},"end":{"line":16,"column":32}},"16":{"start":{"line":17,"column":0},"end":{"line":17,"column":38}},"17":{"start":{"line":18,"column":0},"end":{"line":18,"column":10}},"18":{"start":{"line":19,"column":0},"end":{"line":19,"column":9}},"19":{"start":{"line":20,"column":0},"end":{"line":20,"column":3}}},"s":{"0":0,"2":0,"4":0,"5":0,"6":0,"7":0,"8":0,"9":0,"10":0,"11":0,"12":0,"13":0,"14":0,"15":0,"16":0,"17":0,"18":0,"19":0},"branchMap":{"0":{"type":"branch","line":1,"loc":{"start":{"line":1,"column":420},"end":{"line":20,"column":3}},"locations":[{"start":{"line":1,"column":420},"end":{"line":20,"column":3}}]}},"b":{"0":[0]},"fnMap":{"0":{"name":"(empty-report)","decl":{"start":{"line":1,"column":420},"end":{"line":20,"column":3}},"loc":{"start":{"line":1,"column":420},"end":{"line":20,"column":3}},"line":1}},"f":{"0":0}}
,"D:\\replit_projects\\new_2\\Portfolio-Fixer\\artifacts\\api-server\\src\\lib\\objectAcl.ts": {"path":"D:\\replit_projects\\new_2\\Portfolio-Fixer\\artifacts\\api-server\\src\\lib\\objectAcl.ts","all":true,"statementMap":{"2":{"start":{"line":3,"column":0},"end":{"line":3,"column":51}},"12":{"start":{"line":13,"column":0},"end":{"line":13,"column":36}},"21":{"start":{"line":22,"column":0},"end":{"line":22,"column":30}},"22":{"start":{"line":23,"column":0},"end":{"line":23,"column":16}},"23":{"start":{"line":24,"column":0},"end":{"line":24,"column":18}},"38":{"start":{"line":39,"column":0},"end":{"line":39,"column":29}},"39":{"start":{"line":40,"column":0},"end":{"line":40,"column":30}},"40":{"start":{"line":41,"column":0},"end":{"line":41,"column":28}},"41":{"start":{"line":42,"column":0},"end":{"line":42,"column":12}},"42":{"start":{"line":43,"column":0},"end":{"line":43,"column":44}},"43":{"start":{"line":44,"column":0},"end":{"line":44,"column":77}},"44":{"start":{"line":45,"column":0},"end":{"line":45,"column":3}},"45":{"start":{"line":46,"column":0},"end":{"line":46,"column":44}},"46":{"start":{"line":47,"column":0},"end":{"line":47,"column":1}},"48":{"start":{"line":49,"column":0},"end":{"line":49,"column":67}},"49":{"start":{"line":50,"column":0},"end":{"line":50,"column":14}},"50":{"start":{"line":51,"column":0},"end":{"line":51,"column":48}},"51":{"start":{"line":52,"column":0},"end":{"line":52,"column":31}},"52":{"start":{"line":53,"column":0},"end":{"line":53,"column":6}},"55":{"start":{"line":56,"column":0},"end":{"line":56,"column":1}},"57":{"start":{"line":58,"column":0},"end":{"line":58,"column":33}},"58":{"start":{"line":59,"column":0},"end":{"line":59,"column":27}},"59":{"start":{"line":60,"column":0},"end":{"line":60,"column":26}},"60":{"start":{"line":61,"column":0},"end":{"line":61,"column":23}},"64":{"start":{"line":65,"column":0},"end":{"line":65,"column":12}},"65":{"start":{"line":66,"column":0},"end":{"line":66,"column":66}},"66":{"start":{"line":67,"column":0},"end":{"line":67,"column":3}},"67":{"start":{"line":68,"column":0},"end":{"line":68,"column":1}},"69":{"start":{"line":70,"column":0},"end":{"line":70,"column":41}},"70":{"start":{"line":71,"column":0},"end":{"line":71,"column":19}},"71":{"start":{"line":72,"column":0},"end":{"line":72,"column":29}},"72":{"start":{"line":73,"column":0},"end":{"line":73,"column":18}},"73":{"start":{"line":74,"column":0},"end":{"line":74,"column":45}},"74":{"start":{"line":75,"column":0},"end":{"line":75,"column":16}},"75":{"start":{"line":76,"column":0},"end":{"line":76,"column":60}},"76":{"start":{"line":77,"column":0},"end":{"line":77,"column":3}},"78":{"start":{"line":79,"column":0},"end":{"line":79,"column":32}},"79":{"start":{"line":80,"column":0},"end":{"line":80,"column":15}},"80":{"start":{"line":81,"column":0},"end":{"line":81,"column":59}},"81":{"start":{"line":82,"column":0},"end":{"line":82,"column":6}},"82":{"start":{"line":83,"column":0},"end":{"line":83,"column":5}},"83":{"start":{"line":84,"column":0},"end":{"line":84,"column":1}},"85":{"start":{"line":86,"column":0},"end":{"line":86,"column":41}},"86":{"start":{"line":87,"column":0},"end":{"line":87,"column":19}},"87":{"start":{"line":88,"column":0},"end":{"line":88,"column":36}},"88":{"start":{"line":89,"column":0},"end":{"line":89,"column":52}},"89":{"start":{"line":90,"column":0},"end":{"line":90,"column":66}},"90":{"start":{"line":91,"column":0},"end":{"line":91,"column":19}},"91":{"start":{"line":92,"column":0},"end":{"line":92,"column":16}},"92":{"start":{"line":93,"column":0},"end":{"line":93,"column":3}},"93":{"start":{"line":94,"column":0},"end":{"line":94,"column":41}},"94":{"start":{"line":95,"column":0},"end":{"line":95,"column":1}},"96":{"start":{"line":97,"column":0},"end":{"line":97,"column":39}},"97":{"start":{"line":98,"column":0},"end":{"line":98,"column":9}},"98":{"start":{"line":99,"column":0},"end":{"line":99,"column":13}},"99":{"start":{"line":100,"column":0},"end":{"line":100,"column":22}},"100":{"start":{"line":101,"column":0},"end":{"line":101,"column":4}},"104":{"start":{"line":105,"column":0},"end":{"line":105,"column":22}},"105":{"start":{"line":106,"column":0},"end":{"line":106,"column":57}},"106":{"start":{"line":107,"column":0},"end":{"line":107,"column":19}},"107":{"start":{"line":108,"column":0},"end":{"line":108,"column":17}},"108":{"start":{"line":109,"column":0},"end":{"line":109,"column":3}},"110":{"start":{"line":111,"column":0},"end":{"line":111,"column":6}},"111":{"start":{"line":112,"column":0},"end":{"line":112,"column":40}},"112":{"start":{"line":113,"column":0},"end":{"line":113,"column":49}},"113":{"start":{"line":114,"column":0},"end":{"line":114,"column":5}},"114":{"start":{"line":115,"column":0},"end":{"line":115,"column":16}},"115":{"start":{"line":116,"column":0},"end":{"line":116,"column":3}},"117":{"start":{"line":118,"column":0},"end":{"line":118,"column":16}},"118":{"start":{"line":119,"column":0},"end":{"line":119,"column":17}},"119":{"start":{"line":120,"column":0},"end":{"line":120,"column":3}},"121":{"start":{"line":122,"column":0},"end":{"line":122,"column":35}},"122":{"start":{"line":123,"column":0},"end":{"line":123,"column":16}},"123":{"start":{"line":124,"column":0},"end":{"line":124,"column":3}},"125":{"start":{"line":126,"column":0},"end":{"line":126,"column":48}},"126":{"start":{"line":127,"column":0},"end":{"line":127,"column":60}},"127":{"start":{"line":128,"column":0},"end":{"line":128,"column":8}},"128":{"start":{"line":129,"column":0},"end":{"line":129,"column":46}},"129":{"start":{"line":130,"column":0},"end":{"line":130,"column":63}},"130":{"start":{"line":131,"column":0},"end":{"line":131,"column":7}},"131":{"start":{"line":132,"column":0},"end":{"line":132,"column":18}},"132":{"start":{"line":133,"column":0},"end":{"line":133,"column":5}},"133":{"start":{"line":134,"column":0},"end":{"line":134,"column":3}},"135":{"start":{"line":136,"column":0},"end":{"line":136,"column":15}},"136":{"start":{"line":137,"column":0},"end":{"line":137,"column":1}}},"s":{"2":0,"12":0,"21":0,"22":0,"23":0,"38":0,"39":0,"40":0,"41":0,"42":0,"43":0,"44":0,"45":0,"46":0,"48":0,"49":0,"50":0,"51":0,"52":0,"55":0,"57":0,"58":0,"59":0,"60":0,"64":0,"65":0,"66":0,"67":0,"69":0,"70":0,"71":0,"72":0,"73":0,"74":0,"75":0,"76":0,"78":0,"79":0,"80":0,"81":0,"82":0,"83":0,"85":0,"86":0,"87":0,"88":0,"89":0,"90":0,"91":0,"92":0,"93":0,"94":0,"96":0,"97":0,"98":0,"99":0,"100":0,"104":0,"105":0,"106":0,"107":0,"108":0,"110":0,"111":0,"112":0,"113":0,"114":0,"115":0,"117":0,"118":0,"119":0,"121":0,"122":0,"123":0,"125":0,"126":0,"127":0,"128":0,"129":0,"130":0,"131":0,"132":0,"133":0,"135":0,"136":0},"branchMap":{"0":{"type":"branch","line":1,"loc":{"start":{"line":1,"column":3424},"end":{"line":137,"column":1}},"locations":[{"start":{"line":1,"column":3424},"end":{"line":137,"column":1}}]}},"b":{"0":[1]},"fnMap":{"0":{"name":"(empty-report)","decl":{"start":{"line":1,"column":3424},"end":{"line":137,"column":1}},"loc":{"start":{"line":1,"column":3424},"end":{"line":137,"column":1}},"line":1}},"f":{"0":1}}
,"D:\\replit_projects\\new_2\\Portfolio-Fixer\\artifacts\\api-server\\src\\lib\\objectStorage.ts": {"path":"D:\\replit_projects\\new_2\\Portfolio-Fixer\\artifacts\\api-server\\src\\lib\\objectStorage.ts","all":true,"statementMap":{"0":{"start":{"line":1,"column":0},"end":{"line":1,"column":54}},"1":{"start":{"line":2,"column":0},"end":{"line":2,"column":34}},"2":{"start":{"line":3,"column":0},"end":{"line":3,"column":36}},"3":{"start":{"line":4,"column":0},"end":{"line":4,"column":8}},"11":{"start":{"line":12,"column":0},"end":{"line":12,"column":56}},"13":{"start":{"line":14,"column":0},"end":{"line":14,"column":48}},"14":{"start":{"line":15,"column":0},"end":{"line":15,"column":16}},"15":{"start":{"line":16,"column":0},"end":{"line":16,"column":23}},"16":{"start":{"line":17,"column":0},"end":{"line":17,"column":39}},"17":{"start":{"line":18,"column":0},"end":{"line":18,"column":50}},"18":{"start":{"line":19,"column":0},"end":{"line":19,"column":29}},"19":{"start":{"line":20,"column":0},"end":{"line":20,"column":24}},"20":{"start":{"line":21,"column":0},"end":{"line":21,"column":51}},"21":{"start":{"line":22,"column":0},"end":{"line":22,"column":15}},"22":{"start":{"line":23,"column":0},"end":{"line":23,"column":21}},"23":{"start":{"line":24,"column":0},"end":{"line":24,"column":49}},"24":{"start":{"line":25,"column":0},"end":{"line":25,"column":8}},"25":{"start":{"line":26,"column":0},"end":{"line":26,"column":6}},"26":{"start":{"line":27,"column":0},"end":{"line":27,"column":38}},"27":{"start":{"line":28,"column":0},"end":{"line":28,"column":4}},"28":{"start":{"line":29,"column":0},"end":{"line":29,"column":16}},"29":{"start":{"line":30,"column":0},"end":{"line":30,"column":3}},"31":{"start":{"line":32,"column":0},"end":{"line":32,"column":48}},"32":{"start":{"line":33,"column":0},"end":{"line":33,"column":17}},"33":{"start":{"line":34,"column":0},"end":{"line":34,"column":30}},"34":{"start":{"line":35,"column":0},"end":{"line":35,"column":38}},"35":{"start":{"line":36,"column":0},"end":{"line":36,"column":63}},"36":{"start":{"line":37,"column":0},"end":{"line":37,"column":3}},"37":{"start":{"line":38,"column":0},"end":{"line":38,"column":1}},"39":{"start":{"line":40,"column":0},"end":{"line":40,"column":35}},"40":{"start":{"line":41,"column":0},"end":{"line":41,"column":18}},"42":{"start":{"line":43,"column":0},"end":{"line":43,"column":47}},"43":{"start":{"line":44,"column":0},"end":{"line":44,"column":66}},"44":{"start":{"line":45,"column":0},"end":{"line":45,"column":29}},"45":{"start":{"line":46,"column":0},"end":{"line":46,"column":14}},"46":{"start":{"line":47,"column":0},"end":{"line":47,"column":16}},"47":{"start":{"line":48,"column":0},"end":{"line":48,"column":21}},"48":{"start":{"line":49,"column":0},"end":{"line":49,"column":37}},"49":{"start":{"line":50,"column":0},"end":{"line":50,"column":44}},"50":{"start":{"line":51,"column":0},"end":{"line":51,"column":7}},"51":{"start":{"line":52,"column":0},"end":{"line":52,"column":6}},"52":{"start":{"line":53,"column":0},"end":{"line":53,"column":29}},"53":{"start":{"line":54,"column":0},"end":{"line":54,"column":22}},"54":{"start":{"line":55,"column":0},"end":{"line":55,"column":84}},"56":{"start":{"line":57,"column":0},"end":{"line":57,"column":8}},"57":{"start":{"line":58,"column":0},"end":{"line":58,"column":5}},"58":{"start":{"line":59,"column":0},"end":{"line":59,"column":17}},"59":{"start":{"line":60,"column":0},"end":{"line":60,"column":3}},"61":{"start":{"line":62,"column":0},"end":{"line":62,"column":33}},"62":{"start":{"line":63,"column":0},"end":{"line":63,"column":53}},"63":{"start":{"line":64,"column":0},"end":{"line":64,"column":15}},"64":{"start":{"line":65,"column":0},"end":{"line":65,"column":22}},"65":{"start":{"line":66,"column":0},"end":{"line":66,"column":76}},"67":{"start":{"line":68,"column":0},"end":{"line":68,"column":8}},"68":{"start":{"line":69,"column":0},"end":{"line":69,"column":5}},"69":{"start":{"line":70,"column":0},"end":{"line":70,"column":15}},"70":{"start":{"line":71,"column":0},"end":{"line":71,"column":3}},"72":{"start":{"line":73,"column":0},"end":{"line":73,"column":68}},"73":{"start":{"line":74,"column":0},"end":{"line":74,"column":65}},"74":{"start":{"line":75,"column":0},"end":{"line":75,"column":51}},"76":{"start":{"line":77,"column":0},"end":{"line":77,"column":67}},"77":{"start":{"line":78,"column":0},"end":{"line":78,"column":60}},"78":{"start":{"line":79,"column":0},"end":{"line":79,"column":43}},"80":{"start":{"line":81,"column":0},"end":{"line":81,"column":43}},"81":{"start":{"line":82,"column":0},"end":{"line":82,"column":19}},"82":{"start":{"line":83,"column":0},"end":{"line":83,"column":20}},"83":{"start":{"line":84,"column":0},"end":{"line":84,"column":7}},"84":{"start":{"line":85,"column":0},"end":{"line":85,"column":5}},"86":{"start":{"line":87,"column":0},"end":{"line":87,"column":16}},"87":{"start":{"line":88,"column":0},"end":{"line":88,"column":3}},"89":{"start":{"line":90,"column":0},"end":{"line":90,"column":83}},"90":{"start":{"line":91,"column":0},"end":{"line":91,"column":48}},"91":{"start":{"line":92,"column":0},"end":{"line":92,"column":53}},"92":{"start":{"line":93,"column":0},"end":{"line":93,"column":56}},"94":{"start":{"line":95,"column":0},"end":{"line":95,"column":47}},"95":{"start":{"line":96,"column":0},"end":{"line":96,"column":67}},"97":{"start":{"line":98,"column":0},"end":{"line":98,"column":45}},"98":{"start":{"line":99,"column":0},"end":{"line":99,"column":85}},"99":{"start":{"line":100,"column":0},"end":{"line":100,"column":84}},"100":{"start":{"line":101,"column":0},"end":{"line":101,"column":6}},"101":{"start":{"line":102,"column":0},"end":{"line":102,"column":24}},"102":{"start":{"line":103,"column":0},"end":{"line":103,"column":56}},"103":{"start":{"line":104,"column":0},"end":{"line":104,"column":5}},"105":{"start":{"line":106,"column":0},"end":{"line":106,"column":48}},"106":{"start":{"line":107,"column":0},"end":{"line":107,"column":3}},"108":{"start":{"line":109,"column":0},"end":{"line":109,"column":53}},"109":{"start":{"line":110,"column":0},"end":{"line":110,"column":56}},"110":{"start":{"line":111,"column":0},"end":{"line":111,"column":28}},"111":{"start":{"line":112,"column":0},"end":{"line":112,"column":22}},"112":{"start":{"line":113,"column":0},"end":{"line":113,"column":76}},"114":{"start":{"line":115,"column":0},"end":{"line":115,"column":8}},"115":{"start":{"line":116,"column":0},"end":{"line":116,"column":5}},"117":{"start":{"line":118,"column":0},"end":{"line":118,"column":34}},"118":{"start":{"line":119,"column":0},"end":{"line":119,"column":63}},"120":{"start":{"line":121,"column":0},"end":{"line":121,"column":65}},"122":{"start":{"line":123,"column":0},"end":{"line":123,"column":26}},"123":{"start":{"line":124,"column":0},"end":{"line":124,"column":17}},"124":{"start":{"line":125,"column":0},"end":{"line":125,"column":17}},"125":{"start":{"line":126,"column":0},"end":{"line":126,"column":20}},"126":{"start":{"line":127,"column":0},"end":{"line":127,"column":18}},"127":{"start":{"line":128,"column":0},"end":{"line":128,"column":7}},"128":{"start":{"line":129,"column":0},"end":{"line":129,"column":3}},"130":{"start":{"line":131,"column":0},"end":{"line":131,"column":64}},"131":{"start":{"line":132,"column":0},"end":{"line":132,"column":46}},"132":{"start":{"line":133,"column":0},"end":{"line":133,"column":38}},"133":{"start":{"line":134,"column":0},"end":{"line":134,"column":5}},"135":{"start":{"line":136,"column":0},"end":{"line":136,"column":49}},"136":{"start":{"line":137,"column":0},"end":{"line":137,"column":27}},"137":{"start":{"line":138,"column":0},"end":{"line":138,"column":38}},"138":{"start":{"line":139,"column":0},"end":{"line":139,"column":5}},"140":{"start":{"line":141,"column":0},"end":{"line":141,"column":46}},"141":{"start":{"line":142,"column":0},"end":{"line":142,"column":47}},"142":{"start":{"line":143,"column":0},"end":{"line":143,"column":35}},"143":{"start":{"line":144,"column":0},"end":{"line":144,"column":34}},"144":{"start":{"line":145,"column":0},"end":{"line":145,"column":5}},"145":{"start":{"line":146,"column":0},"end":{"line":146,"column":55}},"146":{"start":{"line":147,"column":0},"end":{"line":147,"column":73}},"147":{"start":{"line":148,"column":0},"end":{"line":148,"column":58}},"148":{"start":{"line":149,"column":0},"end":{"line":149,"column":47}},"149":{"start":{"line":150,"column":0},"end":{"line":150,"column":47}},"150":{"start":{"line":151,"column":0},"end":{"line":151,"column":18}},"151":{"start":{"line":152,"column":0},"end":{"line":152,"column":38}},"152":{"start":{"line":153,"column":0},"end":{"line":153,"column":5}},"153":{"start":{"line":154,"column":0},"end":{"line":154,"column":22}},"154":{"start":{"line":155,"column":0},"end":{"line":155,"column":3}},"156":{"start":{"line":157,"column":0},"end":{"line":157,"column":54}},"157":{"start":{"line":158,"column":0},"end":{"line":158,"column":65}},"158":{"start":{"line":159,"column":0},"end":{"line":159,"column":21}},"159":{"start":{"line":160,"column":0},"end":{"line":160,"column":5}},"161":{"start":{"line":162,"column":0},"end":{"line":162,"column":33}},"162":{"start":{"line":163,"column":0},"end":{"line":163,"column":39}},"164":{"start":{"line":165,"column":0},"end":{"line":165,"column":53}},"165":{"start":{"line":166,"column":0},"end":{"line":166,"column":41}},"166":{"start":{"line":167,"column":0},"end":{"line":167,"column":46}},"167":{"start":{"line":168,"column":0},"end":{"line":168,"column":5}},"169":{"start":{"line":170,"column":0},"end":{"line":170,"column":53}},"170":{"start":{"line":171,"column":0},"end":{"line":171,"column":27}},"171":{"start":{"line":172,"column":0},"end":{"line":172,"column":5}},"173":{"start":{"line":174,"column":0},"end":{"line":174,"column":65}},"174":{"start":{"line":175,"column":0},"end":{"line":175,"column":34}},"175":{"start":{"line":176,"column":0},"end":{"line":176,"column":3}},"177":{"start":{"line":178,"column":0},"end":{"line":178,"column":36}},"178":{"start":{"line":179,"column":0},"end":{"line":179,"column":20}},"179":{"start":{"line":180,"column":0},"end":{"line":180,"column":30}},"180":{"start":{"line":181,"column":0},"end":{"line":181,"column":22}},"181":{"start":{"line":182,"column":0},"end":{"line":182,"column":67}},"182":{"start":{"line":183,"column":0},"end":{"line":183,"column":42}},"183":{"start":{"line":184,"column":0},"end":{"line":184,"column":28}},"184":{"start":{"line":185,"column":0},"end":{"line":185,"column":5}},"186":{"start":{"line":187,"column":0},"end":{"line":187,"column":70}},"187":{"start":{"line":188,"column":0},"end":{"line":188,"column":52}},"188":{"start":{"line":189,"column":0},"end":{"line":189,"column":26}},"189":{"start":{"line":190,"column":0},"end":{"line":190,"column":3}},"191":{"start":{"line":192,"column":0},"end":{"line":192,"column":31}},"192":{"start":{"line":193,"column":0},"end":{"line":193,"column":11}},"193":{"start":{"line":194,"column":0},"end":{"line":194,"column":15}},"194":{"start":{"line":195,"column":0},"end":{"line":195,"column":24}},"195":{"start":{"line":196,"column":0},"end":{"line":196,"column":6}},"199":{"start":{"line":200,"column":0},"end":{"line":200,"column":24}},"200":{"start":{"line":201,"column":0},"end":{"line":201,"column":28}},"201":{"start":{"line":202,"column":0},"end":{"line":202,"column":13}},"202":{"start":{"line":203,"column":0},"end":{"line":203,"column":17}},"203":{"start":{"line":204,"column":0},"end":{"line":204,"column":72}},"204":{"start":{"line":205,"column":0},"end":{"line":205,"column":7}},"205":{"start":{"line":206,"column":0},"end":{"line":206,"column":3}},"206":{"start":{"line":207,"column":0},"end":{"line":207,"column":1}},"208":{"start":{"line":209,"column":0},"end":{"line":209,"column":41}},"211":{"start":{"line":212,"column":0},"end":{"line":212,"column":3}},"212":{"start":{"line":213,"column":0},"end":{"line":213,"column":30}},"213":{"start":{"line":214,"column":0},"end":{"line":214,"column":22}},"214":{"start":{"line":215,"column":0},"end":{"line":215,"column":3}},"215":{"start":{"line":216,"column":0},"end":{"line":216,"column":36}},"216":{"start":{"line":217,"column":0},"end":{"line":217,"column":29}},"217":{"start":{"line":218,"column":0},"end":{"line":218,"column":73}},"218":{"start":{"line":219,"column":0},"end":{"line":219,"column":3}},"220":{"start":{"line":221,"column":0},"end":{"line":221,"column":34}},"221":{"start":{"line":222,"column":0},"end":{"line":222,"column":50}},"223":{"start":{"line":224,"column":0},"end":{"line":224,"column":10}},"224":{"start":{"line":225,"column":0},"end":{"line":225,"column":15}},"225":{"start":{"line":226,"column":0},"end":{"line":226,"column":15}},"226":{"start":{"line":227,"column":0},"end":{"line":227,"column":4}},"227":{"start":{"line":228,"column":0},"end":{"line":228,"column":1}},"229":{"start":{"line":230,"column":0},"end":{"line":230,"column":30}},"230":{"start":{"line":231,"column":0},"end":{"line":231,"column":13}},"231":{"start":{"line":232,"column":0},"end":{"line":232,"column":13}},"232":{"start":{"line":233,"column":0},"end":{"line":233,"column":9}},"233":{"start":{"line":234,"column":0},"end":{"line":234,"column":9}},"234":{"start":{"line":235,"column":0},"end":{"line":235,"column":4}},"239":{"start":{"line":240,"column":0},"end":{"line":240,"column":21}},"240":{"start":{"line":241,"column":0},"end":{"line":241,"column":19}},"241":{"start":{"line":242,"column":0},"end":{"line":242,"column":28}},"242":{"start":{"line":243,"column":0},"end":{"line":243,"column":28}},"243":{"start":{"line":244,"column":0},"end":{"line":244,"column":11}},"244":{"start":{"line":245,"column":0},"end":{"line":245,"column":67}},"245":{"start":{"line":246,"column":0},"end":{"line":246,"column":4}},"246":{"start":{"line":247,"column":0},"end":{"line":247,"column":31}},"247":{"start":{"line":248,"column":0},"end":{"line":248,"column":66}},"248":{"start":{"line":249,"column":0},"end":{"line":249,"column":5}},"249":{"start":{"line":250,"column":0},"end":{"line":250,"column":21}},"250":{"start":{"line":251,"column":0},"end":{"line":251,"column":16}},"251":{"start":{"line":252,"column":0},"end":{"line":252,"column":43}},"252":{"start":{"line":253,"column":0},"end":{"line":253,"column":8}},"253":{"start":{"line":254,"column":0},"end":{"line":254,"column":36}},"254":{"start":{"line":255,"column":0},"end":{"line":255,"column":42}},"255":{"start":{"line":256,"column":0},"end":{"line":256,"column":5}},"256":{"start":{"line":257,"column":0},"end":{"line":257,"column":4}},"257":{"start":{"line":258,"column":0},"end":{"line":258,"column":21}},"258":{"start":{"line":259,"column":0},"end":{"line":259,"column":20}},"259":{"start":{"line":260,"column":0},"end":{"line":260,"column":68}},"261":{"start":{"line":262,"column":0},"end":{"line":262,"column":6}},"262":{"start":{"line":263,"column":0},"end":{"line":263,"column":3}},"264":{"start":{"line":265,"column":0},"end":{"line":265,"column":84}},"265":{"start":{"line":266,"column":0},"end":{"line":266,"column":19}},"266":{"start":{"line":267,"column":0},"end":{"line":267,"column":1}}},"s":{"0":0,"1":0,"2":0,"3":0,"11":0,"13":0,"14":0,"15":0,"16":0,"17":0,"18":0,"19":0,"20":0,"21":0,"22":0,"23":0,"24":0,"25":0,"26":0,"27":0,"28":0,"29":0,"31":0,"32":0,"33":0,"34":0,"35":0,"36":0,"37":0,"39":0,"40":0,"42":0,"43":0,"44":0,"45":0,"46":0,"47":0,"48":0,"49":0,"50":0,"51":0,"52":0,"53":0,"54":0,"56":0,"57":0,"58":0,"59":0,"61":0,"62":0,"63":0,"64":0,"65":0,"67":0,"68":0,"69":0,"70":0,"72":0,"73":0,"74":0,"76":0,"77":0,"78":0,"80":0,"81":0,"82":0,"83":0,"84":0,"86":0,"87":0,"89":0,"90":0,"91":0,"92":0,"94":0,"95":0,"97":0,"98":0,"99":0,"100":0,"101":0,"102":0,"103":0,"105":0,"106":0,"108":0,"109":0,"110":0,"111":0,"112":0,"114":0,"115":0,"117":0,"118":0,"120":0,"122":0,"123":0,"124":0,"125":0,"126":0,"127":0,"128":0,"130":0,"131":0,"132":0,"133":0,"135":0,"136":0,"137":0,"138":0,"140":0,"141":0,"142":0,"143":0,"144":0,"145":0,"146":0,"147":0,"148":0,"149":0,"150":0,"151":0,"152":0,"153":0,"154":0,"156":0,"157":0,"158":0,"159":0,"161":0,"162":0,"164":0,"165":0,"166":0,"167":0,"169":0,"170":0,"171":0,"173":0,"174":0,"175":0,"177":0,"178":0,"179":0,"180":0,"181":0,"182":0,"183":0,"184":0,"186":0,"187":0,"188":0,"189":0,"191":0,"192":0,"193":0,"194":0,"195":0,"199":0,"200":0,"201":0,"202":0,"203":0,"204":0,"205":0,"206":0,"208":0,"211":0,"212":0,"213":0,"214":0,"215":0,"216":0,"217":0,"218":0,"220":0,"221":0,"223":0,"224":0,"225":0,"226":0,"227":0,"229":0,"230":0,"231":0,"232":0,"233":0,"234":0,"239":0,"240":0,"241":0,"242":0,"243":0,"244":0,"245":0,"246":0,"247":0,"248":0,"249":0,"250":0,"251":0,"252":0,"253":0,"254":0,"255":0,"256":0,"257":0,"258":0,"259":0,"261":0,"262":0,"264":0,"265":0,"266":0},"branchMap":{"0":{"type":"branch","line":1,"loc":{"start":{"line":1,"column":7237},"end":{"line":267,"column":1}},"locations":[{"start":{"line":1,"column":7237},"end":{"line":267,"column":1}}]}},"b":{"0":[0]},"fnMap":{"0":{"name":"(empty-report)","decl":{"start":{"line":1,"column":7237},"end":{"line":267,"column":1}},"loc":{"start":{"line":1,"column":7237},"end":{"line":267,"column":1}},"line":1}},"f":{"0":0}}
,"D:\\replit_projects\\new_2\\Portfolio-Fixer\\artifacts\\api-server\\src\\lib\\supabase-client.ts": {"path":"D:\\replit_projects\\new_2\\Portfolio-Fixer\\artifacts\\api-server\\src\\lib\\supabase-client.ts","all":true,"statementMap":{"0":{"start":{"line":1,"column":0},"end":{"line":1,"column":74}},"3":{"start":{"line":4,"column":0},"end":{"line":4,"column":52}},"5":{"start":{"line":6,"column":0},"end":{"line":6,"column":63}},"6":{"start":{"line":7,"column":0},"end":{"line":7,"column":17}},"7":{"start":{"line":8,"column":0},"end":{"line":8,"column":41}},"8":{"start":{"line":9,"column":0},"end":{"line":9,"column":54}},"9":{"start":{"line":10,"column":0},"end":{"line":10,"column":23}},"10":{"start":{"line":11,"column":0},"end":{"line":11,"column":80}},"11":{"start":{"line":12,"column":0},"end":{"line":12,"column":5}},"12":{"start":{"line":13,"column":0},"end":{"line":13,"column":48}},"13":{"start":{"line":14,"column":0},"end":{"line":14,"column":63}},"14":{"start":{"line":15,"column":0},"end":{"line":15,"column":7}},"15":{"start":{"line":16,"column":0},"end":{"line":16,"column":3}},"16":{"start":{"line":17,"column":0},"end":{"line":17,"column":17}},"17":{"start":{"line":18,"column":0},"end":{"line":18,"column":1}},"19":{"start":{"line":20,"column":0},"end":{"line":20,"column":45}},"20":{"start":{"line":21,"column":0},"end":{"line":21,"column":17}},"21":{"start":{"line":22,"column":0},"end":{"line":22,"column":1}}},"s":{"0":0,"3":0,"5":0,"6":0,"7":0,"8":0,"9":0,"10":0,"11":0,"12":0,"13":0,"14":0,"15":0,"16":0,"17":0,"19":0,"20":0,"21":0},"branchMap":{"0":{"type":"branch","line":1,"loc":{"start":{"line":1,"column":684},"end":{"line":22,"column":1}},"locations":[{"start":{"line":1,"column":684},"end":{"line":22,"column":1}}]}},"b":{"0":[0]},"fnMap":{"0":{"name":"(empty-report)","decl":{"start":{"line":1,"column":684},"end":{"line":22,"column":1}},"loc":{"start":{"line":1,"column":684},"end":{"line":22,"column":1}},"line":1}},"f":{"0":0}}
,"D:\\replit_projects\\new_2\\Portfolio-Fixer\\artifacts\\api-server\\src\\middleware\\adminAuth.ts": {"path":"D:\\replit_projects\\new_2\\Portfolio-Fixer\\artifacts\\api-server\\src\\middleware\\adminAuth.ts","all":false,"statementMap":{"1":{"start":{"line":2,"column":0},"end":{"line":2,"column":64}},"2":{"start":{"line":3,"column":0},"end":{"line":3,"column":39}},"3":{"start":{"line":4,"column":0},"end":{"line":4,"column":59}},"5":{"start":{"line":6,"column":0},"end":{"line":6,"column":119}},"6":{"start":{"line":7,"column":0},"end":{"line":7,"column":54}},"7":{"start":{"line":8,"column":0},"end":{"line":8,"column":46}},"8":{"start":{"line":9,"column":0},"end":{"line":9,"column":48}},"9":{"start":{"line":10,"column":0},"end":{"line":10,"column":59}},"11":{"start":{"line":12,"column":0},"end":{"line":12,"column":97}},"18":{"start":{"line":19,"column":0},"end":{"line":19,"column":68}},"19":{"start":{"line":20,"column":0},"end":{"line":20,"column":25}},"20":{"start":{"line":21,"column":0},"end":{"line":21,"column":27}},"22":{"start":{"line":23,"column":0},"end":{"line":23,"column":23}},"23":{"start":{"line":24,"column":0},"end":{"line":24,"column":42}},"24":{"start":{"line":25,"column":0},"end":{"line":25,"column":27}},"25":{"start":{"line":26,"column":0},"end":{"line":26,"column":54}},"26":{"start":{"line":27,"column":0},"end":{"line":27,"column":39}},"27":{"start":{"line":28,"column":0},"end":{"line":28,"column":31}},"28":{"start":{"line":29,"column":0},"end":{"line":29,"column":7}},"29":{"start":{"line":30,"column":0},"end":{"line":30,"column":5}},"30":{"start":{"line":31,"column":0},"end":{"line":31,"column":44}},"31":{"start":{"line":32,"column":0},"end":{"line":32,"column":55}},"32":{"start":{"line":33,"column":0},"end":{"line":33,"column":48}},"33":{"start":{"line":34,"column":0},"end":{"line":34,"column":98}},"34":{"start":{"line":35,"column":0},"end":{"line":35,"column":5}},"35":{"start":{"line":36,"column":0},"end":{"line":36,"column":3}},"36":{"start":{"line":37,"column":0},"end":{"line":37,"column":1}},"38":{"start":{"line":39,"column":0},"end":{"line":39,"column":98}},"39":{"start":{"line":40,"column":0},"end":{"line":40,"column":26}},"40":{"start":{"line":41,"column":0},"end":{"line":41,"column":71}},"41":{"start":{"line":42,"column":0},"end":{"line":42,"column":16}},"42":{"start":{"line":43,"column":0},"end":{"line":43,"column":3}},"43":{"start":{"line":44,"column":0},"end":{"line":44,"column":15}},"44":{"start":{"line":45,"column":0},"end":{"line":45,"column":7}},"45":{"start":{"line":46,"column":0},"end":{"line":46,"column":46}},"46":{"start":{"line":47,"column":0},"end":{"line":47,"column":34}},"47":{"start":{"line":48,"column":0},"end":{"line":48,"column":56}},"48":{"start":{"line":49,"column":0},"end":{"line":49,"column":7}},"50":{"start":{"line":51,"column":0},"end":{"line":51,"column":32}},"51":{"start":{"line":52,"column":0},"end":{"line":52,"column":30}},"53":{"start":{"line":54,"column":0},"end":{"line":54,"column":74}},"54":{"start":{"line":55,"column":0},"end":{"line":55,"column":59}},"55":{"start":{"line":56,"column":0},"end":{"line":56,"column":20}},"56":{"start":{"line":57,"column":0},"end":{"line":57,"column":80}},"58":{"start":{"line":59,"column":0},"end":{"line":59,"column":53}},"59":{"start":{"line":60,"column":0},"end":{"line":60,"column":45}},"60":{"start":{"line":61,"column":0},"end":{"line":61,"column":96}},"62":{"start":{"line":63,"column":0},"end":{"line":63,"column":60}},"63":{"start":{"line":64,"column":0},"end":{"line":64,"column":101}},"64":{"start":{"line":65,"column":0},"end":{"line":65,"column":18}},"65":{"start":{"line":66,"column":0},"end":{"line":66,"column":80}},"66":{"start":{"line":67,"column":0},"end":{"line":67,"column":55}},"67":{"start":{"line":68,"column":0},"end":{"line":68,"column":7}},"68":{"start":{"line":69,"column":0},"end":{"line":69,"column":5}},"70":{"start":{"line":71,"column":0},"end":{"line":71,"column":16}},"71":{"start":{"line":72,"column":0},"end":{"line":72,"column":17}},"72":{"start":{"line":73,"column":0},"end":{"line":73,"column":114}},"73":{"start":{"line":74,"column":0},"end":{"line":74,"column":16}},"74":{"start":{"line":75,"column":0},"end":{"line":75,"column":3}},"75":{"start":{"line":76,"column":0},"end":{"line":76,"column":1}},"77":{"start":{"line":78,"column":0},"end":{"line":78,"column":142}},"78":{"start":{"line":79,"column":0},"end":{"line":79,"column":7}},"79":{"start":{"line":80,"column":0},"end":{"line":80,"column":41}},"82":{"start":{"line":83,"column":0},"end":{"line":83,"column":65}},"83":{"start":{"line":84,"column":0},"end":{"line":84,"column":20}},"84":{"start":{"line":85,"column":0},"end":{"line":85,"column":32}},"85":{"start":{"line":86,"column":0},"end":{"line":86,"column":30}},"86":{"start":{"line":87,"column":0},"end":{"line":87,"column":16}},"88":{"start":{"line":89,"column":0},"end":{"line":89,"column":34}},"91":{"start":{"line":92,"column":0},"end":{"line":92,"column":44}},"92":{"start":{"line":93,"column":0},"end":{"line":93,"column":20}},"93":{"start":{"line":94,"column":0},"end":{"line":94,"column":32}},"94":{"start":{"line":95,"column":0},"end":{"line":95,"column":25}},"95":{"start":{"line":96,"column":0},"end":{"line":96,"column":16}},"97":{"start":{"line":98,"column":0},"end":{"line":98,"column":18}},"99":{"start":{"line":100,"column":0},"end":{"line":100,"column":86}},"100":{"start":{"line":101,"column":0},"end":{"line":101,"column":21}},"101":{"start":{"line":102,"column":0},"end":{"line":102,"column":5}},"104":{"start":{"line":105,"column":0},"end":{"line":105,"column":64}},"105":{"start":{"line":106,"column":0},"end":{"line":106,"column":20}},"106":{"start":{"line":107,"column":0},"end":{"line":107,"column":92}},"107":{"start":{"line":108,"column":0},"end":{"line":108,"column":32}},"108":{"start":{"line":109,"column":0},"end":{"line":109,"column":16}},"110":{"start":{"line":111,"column":0},"end":{"line":111,"column":22}},"111":{"start":{"line":112,"column":0},"end":{"line":112,"column":82}},"112":{"start":{"line":113,"column":0},"end":{"line":113,"column":18}},"113":{"start":{"line":114,"column":0},"end":{"line":114,"column":5}},"115":{"start":{"line":116,"column":0},"end":{"line":116,"column":85}},"116":{"start":{"line":117,"column":0},"end":{"line":117,"column":19}},"117":{"start":{"line":118,"column":0},"end":{"line":118,"column":17}},"118":{"start":{"line":119,"column":0},"end":{"line":119,"column":76}},"119":{"start":{"line":120,"column":0},"end":{"line":120,"column":16}},"120":{"start":{"line":121,"column":0},"end":{"line":121,"column":3}},"121":{"start":{"line":122,"column":0},"end":{"line":122,"column":1}},"125":{"start":{"line":126,"column":0},"end":{"line":126,"column":99}},"126":{"start":{"line":127,"column":0},"end":{"line":127,"column":7}},"127":{"start":{"line":128,"column":0},"end":{"line":128,"column":41}},"128":{"start":{"line":129,"column":0},"end":{"line":129,"column":66}},"131":{"start":{"line":132,"column":0},"end":{"line":132,"column":45}},"132":{"start":{"line":133,"column":0},"end":{"line":133,"column":20}},"133":{"start":{"line":134,"column":0},"end":{"line":134,"column":32}},"134":{"start":{"line":135,"column":0},"end":{"line":135,"column":32}},"135":{"start":{"line":136,"column":0},"end":{"line":136,"column":16}},"137":{"start":{"line":138,"column":0},"end":{"line":138,"column":34}},"140":{"start":{"line":141,"column":0},"end":{"line":141,"column":64}},"141":{"start":{"line":142,"column":0},"end":{"line":142,"column":20}},"142":{"start":{"line":143,"column":0},"end":{"line":143,"column":15}},"143":{"start":{"line":144,"column":0},"end":{"line":144,"column":73}},"144":{"start":{"line":145,"column":0},"end":{"line":145,"column":28}},"145":{"start":{"line":146,"column":0},"end":{"line":146,"column":26}},"146":{"start":{"line":147,"column":0},"end":{"line":147,"column":70}},"147":{"start":{"line":148,"column":0},"end":{"line":148,"column":8}},"148":{"start":{"line":149,"column":0},"end":{"line":149,"column":32}},"149":{"start":{"line":150,"column":0},"end":{"line":150,"column":16}},"151":{"start":{"line":152,"column":0},"end":{"line":152,"column":22}},"152":{"start":{"line":153,"column":0},"end":{"line":153,"column":101}},"153":{"start":{"line":154,"column":0},"end":{"line":154,"column":18}},"154":{"start":{"line":155,"column":0},"end":{"line":155,"column":5}},"156":{"start":{"line":157,"column":0},"end":{"line":157,"column":19}},"157":{"start":{"line":158,"column":0},"end":{"line":158,"column":11}},"159":{"start":{"line":160,"column":0},"end":{"line":160,"column":16}},"160":{"start":{"line":161,"column":0},"end":{"line":161,"column":3}},"161":{"start":{"line":162,"column":0},"end":{"line":162,"column":1}},"163":{"start":{"line":164,"column":0},"end":{"line":164,"column":110}},"164":{"start":{"line":165,"column":0},"end":{"line":165,"column":47}},"165":{"start":{"line":166,"column":0},"end":{"line":166,"column":84}},"166":{"start":{"line":167,"column":0},"end":{"line":167,"column":68}},"169":{"start":{"line":170,"column":0},"end":{"line":170,"column":15}},"170":{"start":{"line":171,"column":0},"end":{"line":171,"column":32}},"171":{"start":{"line":172,"column":0},"end":{"line":172,"column":75}},"172":{"start":{"line":173,"column":0},"end":{"line":173,"column":28}},"173":{"start":{"line":174,"column":0},"end":{"line":174,"column":39}},"174":{"start":{"line":175,"column":0},"end":{"line":175,"column":42}},"175":{"start":{"line":176,"column":0},"end":{"line":176,"column":19}},"176":{"start":{"line":177,"column":0},"end":{"line":177,"column":31}},"179":{"start":{"line":180,"column":0},"end":{"line":180,"column":47}},"180":{"start":{"line":181,"column":0},"end":{"line":181,"column":17}},"181":{"start":{"line":182,"column":0},"end":{"line":182,"column":17}},"182":{"start":{"line":183,"column":0},"end":{"line":183,"column":21}},"183":{"start":{"line":184,"column":0},"end":{"line":184,"column":25}},"184":{"start":{"line":185,"column":0},"end":{"line":185,"column":28}},"185":{"start":{"line":186,"column":0},"end":{"line":186,"column":41}},"186":{"start":{"line":187,"column":0},"end":{"line":187,"column":37}},"188":{"start":{"line":189,"column":0},"end":{"line":189,"column":48}},"189":{"start":{"line":190,"column":0},"end":{"line":190,"column":36}},"190":{"start":{"line":191,"column":0},"end":{"line":191,"column":11}},"191":{"start":{"line":192,"column":0},"end":{"line":192,"column":11}},"192":{"start":{"line":193,"column":0},"end":{"line":193,"column":3}},"195":{"start":{"line":196,"column":0},"end":{"line":196,"column":52}},"196":{"start":{"line":197,"column":0},"end":{"line":197,"column":24}},"197":{"start":{"line":198,"column":0},"end":{"line":198,"column":41}},"199":{"start":{"line":200,"column":0},"end":{"line":200,"column":50}},"200":{"start":{"line":201,"column":0},"end":{"line":201,"column":38}},"201":{"start":{"line":202,"column":0},"end":{"line":202,"column":13}},"202":{"start":{"line":203,"column":0},"end":{"line":203,"column":13}},"203":{"start":{"line":204,"column":0},"end":{"line":204,"column":5}},"204":{"start":{"line":205,"column":0},"end":{"line":205,"column":26}},"205":{"start":{"line":206,"column":0},"end":{"line":206,"column":21}},"206":{"start":{"line":207,"column":0},"end":{"line":207,"column":86}},"207":{"start":{"line":208,"column":0},"end":{"line":208,"column":7}},"208":{"start":{"line":209,"column":0},"end":{"line":209,"column":11}},"209":{"start":{"line":210,"column":0},"end":{"line":210,"column":3}},"212":{"start":{"line":213,"column":0},"end":{"line":213,"column":19}},"213":{"start":{"line":214,"column":0},"end":{"line":214,"column":54}},"214":{"start":{"line":215,"column":0},"end":{"line":215,"column":60}},"215":{"start":{"line":216,"column":0},"end":{"line":216,"column":38}},"218":{"start":{"line":219,"column":0},"end":{"line":219,"column":77}},"219":{"start":{"line":220,"column":0},"end":{"line":220,"column":17}},"220":{"start":{"line":221,"column":0},"end":{"line":221,"column":24}},"221":{"start":{"line":222,"column":0},"end":{"line":222,"column":7}},"223":{"start":{"line":224,"column":0},"end":{"line":224,"column":13}},"224":{"start":{"line":225,"column":0},"end":{"line":225,"column":13}},"225":{"start":{"line":226,"column":0},"end":{"line":226,"column":5}},"228":{"start":{"line":229,"column":0},"end":{"line":229,"column":54}},"229":{"start":{"line":230,"column":0},"end":{"line":230,"column":19}},"230":{"start":{"line":231,"column":0},"end":{"line":231,"column":23}},"231":{"start":{"line":232,"column":0},"end":{"line":232,"column":84}},"232":{"start":{"line":233,"column":0},"end":{"line":233,"column":39}},"233":{"start":{"line":234,"column":0},"end":{"line":234,"column":54}},"234":{"start":{"line":235,"column":0},"end":{"line":235,"column":39}},"235":{"start":{"line":236,"column":0},"end":{"line":236,"column":50}},"236":{"start":{"line":237,"column":0},"end":{"line":237,"column":38}},"237":{"start":{"line":238,"column":0},"end":{"line":238,"column":13}},"238":{"start":{"line":239,"column":0},"end":{"line":239,"column":13}},"239":{"start":{"line":240,"column":0},"end":{"line":240,"column":5}},"240":{"start":{"line":241,"column":0},"end":{"line":241,"column":3}},"243":{"start":{"line":244,"column":0},"end":{"line":244,"column":27}},"244":{"start":{"line":245,"column":0},"end":{"line":245,"column":107}},"245":{"start":{"line":246,"column":0},"end":{"line":246,"column":46}},"246":{"start":{"line":247,"column":0},"end":{"line":247,"column":60}},"247":{"start":{"line":248,"column":0},"end":{"line":248,"column":68}},"248":{"start":{"line":249,"column":0},"end":{"line":249,"column":1}}},"s":{"1":1,"2":1,"3":1,"5":1,"6":1,"7":1,"8":1,"9":1,"11":1,"18":1,"19":1,"20":1,"22":1,"23":1,"24":0,"25":0,"26":0,"27":0,"28":0,"29":0,"30":0,"31":0,"32":0,"33":0,"34":0,"35":0,"36":1,"38":1,"39":1,"40":0,"41":0,"42":0,"43":1,"44":1,"45":1,"46":1,"47":1,"48":1,"50":1,"51":1,"53":1,"54":0,"55":0,"56":1,"58":1,"59":0,"60":0,"62":0,"63":0,"64":0,"65":0,"66":0,"67":0,"68":0,"70":0,"71":0,"72":0,"73":0,"74":0,"75":1,"77":0,"78":0,"79":0,"82":0,"83":0,"84":0,"85":0,"86":0,"88":0,"91":0,"92":0,"93":0,"94":0,"95":0,"97":0,"99":0,"100":0,"101":0,"104":0,"105":0,"106":0,"107":0,"108":0,"110":0,"111":0,"112":0,"113":0,"115":0,"116":0,"117":0,"118":0,"119":0,"120":0,"121":0,"125":5,"126":5,"127":5,"128":5,"131":5,"132":5,"133":5,"134":5,"135":5,"137":5,"140":2,"141":2,"142":2,"143":2,"144":2,"145":2,"146":2,"147":2,"148":2,"149":2,"151":5,"152":0,"153":0,"154":0,"156":2,"157":5,"159":0,"160":0,"161":5,"163":14,"164":14,"165":14,"166":14,"169":14,"170":14,"171":14,"172":14,"173":14,"174":14,"175":14,"176":14,"179":14,"180":3,"181":3,"182":3,"183":3,"184":3,"185":3,"186":3,"188":3,"189":3,"190":3,"191":3,"192":3,"195":14,"196":4,"197":2,"199":2,"200":2,"201":2,"202":2,"203":2,"204":2,"205":2,"206":2,"207":2,"208":2,"209":2,"212":14,"213":1,"214":1,"215":0,"218":0,"219":0,"220":0,"221":0,"223":0,"224":0,"225":0,"228":1,"229":0,"230":0,"231":0,"232":0,"233":0,"234":0,"235":0,"236":0,"237":0,"238":0,"239":0,"240":1,"243":7,"244":1,"245":6,"246":14,"247":14,"248":14},"branchMap":{"0":{"type":"branch","line":6,"loc":{"start":{"line":6,"column":34},"end":{"line":6,"column":59}},"locations":[{"start":{"line":6,"column":34},"end":{"line":6,"column":59}}]},"1":{"type":"branch","line":12,"loc":{"start":{"line":12,"column":20},"end":{"line":12,"column":92}},"locations":[{"start":{"line":12,"column":20},"end":{"line":12,"column":92}}]},"2":{"type":"branch","line":12,"loc":{"start":{"line":12,"column":88},"end":{"line":12,"column":97}},"locations":[{"start":{"line":12,"column":88},"end":{"line":12,"column":97}}]},"3":{"type":"branch","line":6,"loc":{"start":{"line":6,"column":74},"end":{"line":6,"column":101}},"locations":[{"start":{"line":6,"column":74},"end":{"line":6,"column":101}}]},"4":{"type":"branch","line":23,"loc":{"start":{"line":23,"column":0},"end":{"line":37,"column":1}},"locations":[{"start":{"line":23,"column":0},"end":{"line":37,"column":1}}]},"5":{"type":"branch","line":24,"loc":{"start":{"line":24,"column":41},"end":{"line":36,"column":3}},"locations":[{"start":{"line":24,"column":41},"end":{"line":36,"column":3}}]},"6":{"type":"branch","line":39,"loc":{"start":{"line":39,"column":0},"end":{"line":76,"column":1}},"locations":[{"start":{"line":39,"column":0},"end":{"line":76,"column":1}}]},"7":{"type":"branch","line":40,"loc":{"start":{"line":40,"column":25},"end":{"line":43,"column":3}},"locations":[{"start":{"line":40,"column":25},"end":{"line":43,"column":3}}]},"8":{"type":"branch","line":48,"loc":{"start":{"line":48,"column":10},"end":{"line":48,"column":52}},"locations":[{"start":{"line":48,"column":10},"end":{"line":48,"column":52}}]},"9":{"type":"branch","line":52,"loc":{"start":{"line":52,"column":18},"end":{"line":52,"column":30}},"locations":[{"start":{"line":52,"column":18},"end":{"line":52,"column":30}}]},"10":{"type":"branch","line":54,"loc":{"start":{"line":54,"column":66},"end":{"line":55,"column":59}},"locations":[{"start":{"line":54,"column":66},"end":{"line":55,"column":59}}]},"11":{"type":"branch","line":55,"loc":{"start":{"line":55,"column":44},"end":{"line":56,"column":20}},"locations":[{"start":{"line":55,"column":44},"end":{"line":56,"column":20}}]},"12":{"type":"branch","line":57,"loc":{"start":{"line":57,"column":78},"end":{"line":59,"column":52}},"locations":[{"start":{"line":57,"column":78},"end":{"line":59,"column":52}}]},"13":{"type":"branch","line":59,"loc":{"start":{"line":59,"column":52},"end":{"line":75,"column":3}},"locations":[{"start":{"line":59,"column":52},"end":{"line":75,"column":3}}]},"14":{"type":"branch","line":126,"loc":{"start":{"line":126,"column":0},"end":{"line":162,"column":1}},"locations":[{"start":{"line":126,"column":0},"end":{"line":162,"column":1}}]},"15":{"type":"branch","line":129,"loc":{"start":{"line":129,"column":39},"end":{"line":129,"column":66}},"locations":[{"start":{"line":129,"column":39},"end":{"line":129,"column":66}}]},"16":{"type":"branch","line":138,"loc":{"start":{"line":138,"column":18},"end":{"line":138,"column":34}},"locations":[{"start":{"line":138,"column":18},"end":{"line":138,"column":34}}]},"17":{"type":"branch","line":138,"loc":{"start":{"line":138,"column":25},"end":{"line":152,"column":21}},"locations":[{"start":{"line":138,"column":25},"end":{"line":152,"column":21}}]},"18":{"type":"branch","line":152,"loc":{"start":{"line":152,"column":21},"end":{"line":155,"column":5}},"locations":[{"start":{"line":152,"column":21},"end":{"line":155,"column":5}}]},"19":{"type":"branch","line":155,"loc":{"start":{"line":155,"column":4},"end":{"line":158,"column":10}},"locations":[{"start":{"line":155,"column":4},"end":{"line":158,"column":10}}]},"20":{"type":"branch","line":158,"loc":{"start":{"line":158,"column":2},"end":{"line":161,"column":3}},"locations":[{"start":{"line":158,"column":2},"end":{"line":161,"column":3}}]},"21":{"type":"branch","line":164,"loc":{"start":{"line":164,"column":0},"end":{"line":249,"column":1}},"locations":[{"start":{"line":164,"column":0},"end":{"line":249,"column":1}}]},"22":{"type":"branch","line":166,"loc":{"start":{"line":166,"column":21},"end":{"line":166,"column":44}},"locations":[{"start":{"line":166,"column":21},"end":{"line":166,"column":44}}]},"23":{"type":"branch","line":166,"loc":{"start":{"line":166,"column":53},"end":{"line":166,"column":79}},"locations":[{"start":{"line":166,"column":53},"end":{"line":166,"column":79}}]},"24":{"type":"branch","line":166,"loc":{"start":{"line":166,"column":75},"end":{"line":166,"column":84}},"locations":[{"start":{"line":166,"column":75},"end":{"line":166,"column":84}}]},"25":{"type":"branch","line":172,"loc":{"start":{"line":172,"column":17},"end":{"line":172,"column":68}},"locations":[{"start":{"line":172,"column":17},"end":{"line":172,"column":68}}]},"26":{"type":"branch","line":172,"loc":{"start":{"line":172,"column":60},"end":{"line":172,"column":75}},"locations":[{"start":{"line":172,"column":60},"end":{"line":172,"column":75}}]},"27":{"type":"branch","line":180,"loc":{"start":{"line":180,"column":6},"end":{"line":180,"column":46}},"locations":[{"start":{"line":180,"column":6},"end":{"line":180,"column":46}}]},"28":{"type":"branch","line":180,"loc":{"start":{"line":180,"column":46},"end":{"line":193,"column":3}},"locations":[{"start":{"line":180,"column":46},"end":{"line":193,"column":3}}]},"29":{"type":"branch","line":190,"loc":{"start":{"line":190,"column":17},"end":{"line":190,"column":36}},"locations":[{"start":{"line":190,"column":17},"end":{"line":190,"column":36}}]},"30":{"type":"branch","line":193,"loc":{"start":{"line":193,"column":2},"end":{"line":196,"column":35}},"locations":[{"start":{"line":193,"column":2},"end":{"line":196,"column":35}}]},"31":{"type":"branch","line":196,"loc":{"start":{"line":196,"column":30},"end":{"line":196,"column":51}},"locations":[{"start":{"line":196,"column":30},"end":{"line":196,"column":51}}]},"32":{"type":"branch","line":196,"loc":{"start":{"line":196,"column":51},"end":{"line":210,"column":3}},"locations":[{"start":{"line":196,"column":51},"end":{"line":210,"column":3}}]},"33":{"type":"branch","line":197,"loc":{"start":{"line":197,"column":23},"end":{"line":210,"column":3}},"locations":[{"start":{"line":197,"column":23},"end":{"line":210,"column":3}}]},"34":{"type":"branch","line":201,"loc":{"start":{"line":201,"column":19},"end":{"line":201,"column":38}},"locations":[{"start":{"line":201,"column":19},"end":{"line":201,"column":38}}]},"35":{"type":"branch","line":210,"loc":{"start":{"line":210,"column":2},"end":{"line":213,"column":18}},"locations":[{"start":{"line":210,"column":2},"end":{"line":213,"column":18}}]},"36":{"type":"branch","line":213,"loc":{"start":{"line":213,"column":18},"end":{"line":241,"column":3}},"locations":[{"start":{"line":213,"column":18},"end":{"line":241,"column":3}}]},"37":{"type":"branch","line":215,"loc":{"start":{"line":215,"column":59},"end":{"line":226,"column":5}},"locations":[{"start":{"line":215,"column":59},"end":{"line":226,"column":5}}]},"38":{"type":"branch","line":229,"loc":{"start":{"line":229,"column":8},"end":{"line":229,"column":53}},"locations":[{"start":{"line":229,"column":8},"end":{"line":229,"column":53}}]},"39":{"type":"branch","line":229,"loc":{"start":{"line":229,"column":53},"end":{"line":240,"column":5}},"locations":[{"start":{"line":229,"column":53},"end":{"line":240,"column":5}}]},"40":{"type":"branch","line":241,"loc":{"start":{"line":241,"column":2},"end":{"line":244,"column":27}},"locations":[{"start":{"line":241,"column":2},"end":{"line":244,"column":27}}]},"41":{"type":"branch","line":244,"loc":{"start":{"line":244,"column":17},"end":{"line":245,"column":107}},"locations":[{"start":{"line":244,"column":17},"end":{"line":245,"column":107}}]},"42":{"type":"branch","line":245,"loc":{"start":{"line":245,"column":33},"end":{"line":245,"column":107}},"locations":[{"start":{"line":245,"column":33},"end":{"line":245,"column":107}}]},"43":{"type":"branch","line":245,"loc":{"start":{"line":245,"column":78},"end":{"line":246,"column":46}},"locations":[{"start":{"line":245,"column":78},"end":{"line":246,"column":46}}]}},"b":{"0":[0],"1":[2],"2":[15],"3":[17],"4":[1],"5":[0],"6":[1],"7":[0],"8":[0],"9":[0],"10":[0],"11":[0],"12":[0],"13":[0],"14":[5],"15":[3],"16":[3],"17":[2],"18":[0],"19":[2],"20":[0],"21":[14],"22":[2],"23":[2],"24":[12],"25":[2],"26":[12],"27":[3],"28":[3],"29":[2],"30":[11],"31":[5],"32":[4],"33":[2],"34":[1],"35":[7],"36":[1],"37":[0],"38":[0],"39":[0],"40":[7],"41":[1],"42":[0],"43":[6]},"fnMap":{"0":{"name":"cleanCache","decl":{"start":{"line":23,"column":0},"end":{"line":37,"column":1}},"loc":{"start":{"line":23,"column":0},"end":{"line":37,"column":1}},"line":23},"1":{"name":"verifyClerkJWT","decl":{"start":{"line":39,"column":0},"end":{"line":76,"column":1}},"loc":{"start":{"line":39,"column":0},"end":{"line":76,"column":1}},"line":39},"2":{"name":"syncUserFromClerk","decl":{"start":{"line":78,"column":0},"end":{"line":122,"column":1}},"loc":{"start":{"line":78,"column":0},"end":{"line":122,"column":1}},"line":78},"3":{"name":"getDefaultAdminUser","decl":{"start":{"line":126,"column":0},"end":{"line":162,"column":1}},"loc":{"start":{"line":126,"column":0},"end":{"line":162,"column":1}},"line":126},"4":{"name":"adminAuth","decl":{"start":{"line":164,"column":0},"end":{"line":249,"column":1}},"loc":{"start":{"line":164,"column":0},"end":{"line":249,"column":1}},"line":164}},"f":{"0":1,"1":1,"2":0,"3":5,"4":14}}
[...]
ne":197,"column":0},"end":{"line":197,"column":34}},"197":{"start":{"line":198,"column":0},"end":{"line":198,"column":48}},"198":{"start":{"line":199,"column":0},"end":{"line":199,"column":11}},"199":{"start":{"line":200,"column":0},"end":{"line":200,"column":3}},"202":{"start":{"line":203,"column":0},"end":{"line":203,"column":21}},"203":{"start":{"line":204,"column":0},"end":{"line":204,"column":34}},"204":{"start":{"line":205,"column":0},"end":{"line":205,"column":36}},"205":{"start":{"line":206,"column":0},"end":{"line":206,"column":48}},"206":{"start":{"line":207,"column":0},"end":{"line":207,"column":82}},"207":{"start":{"line":208,"column":0},"end":{"line":208,"column":86}},"208":{"start":{"line":209,"column":0},"end":{"line":209,"column":54}},"209":{"start":{"line":210,"column":0},"end":{"line":210,"column":50}},"210":{"start":{"line":211,"column":0},"end":{"line":211,"column":9}},"213":{"start":{"line":214,"column":0},"end":{"line":214,"column":34}},"214":{"start":{"line":215,"column":0},"end":{"line":215,"column":24}},"215":{"start":{"line":216,"column":0},"end":{"line":216,"column":45}},"216":{"start":{"line":217,"column":0},"end":{"line":217,"column":9}},"219":{"start":{"line":220,"column":0},"end":{"line":220,"column":38}},"220":{"start":{"line":221,"column":0},"end":{"line":221,"column":44}},"221":{"start":{"line":222,"column":0},"end":{"line":222,"column":39}},"222":{"start":{"line":223,"column":0},"end":{"line":223,"column":23}},"223":{"start":{"line":224,"column":0},"end":{"line":224,"column":33}},"224":{"start":{"line":225,"column":0},"end":{"line":225,"column":50}},"225":{"start":{"line":226,"column":0},"end":{"line":226,"column":61}},"226":{"start":{"line":227,"column":0},"end":{"line":227,"column":31}},"227":{"start":{"line":228,"column":0},"end":{"line":228,"column":32}},"228":{"start":{"line":229,"column":0},"end":{"line":229,"column":3}},"231":{"start":{"line":232,"column":0},"end":{"line":232,"column":35}},"232":{"start":{"line":233,"column":0},"end":{"line":233,"column":34}},"233":{"start":{"line":234,"column":0},"end":{"line":234,"column":40}},"234":{"start":{"line":235,"column":0},"end":{"line":235,"column":25}},"235":{"start":{"line":236,"column":0},"end":{"line":236,"column":39}},"236":{"start":{"line":237,"column":0},"end":{"line":237,"column":26}},"237":{"start":{"line":238,"column":0},"end":{"line":238,"column":35}},"238":{"start":{"line":239,"column":0},"end":{"line":239,"column":37}},"239":{"start":{"line":240,"column":0},"end":{"line":240,"column":41}},"240":{"start":{"line":241,"column":0},"end":{"line":241,"column":25}},"241":{"start":{"line":242,"column":0},"end":{"line":242,"column":36}},"242":{"start":{"line":243,"column":0},"end":{"line":243,"column":81}},"243":{"start":{"line":244,"column":0},"end":{"line":244,"column":43}},"244":{"start":{"line":245,"column":0},"end":{"line":245,"column":13}},"246":{"start":{"line":247,"column":0},"end":{"line":247,"column":39}},"247":{"start":{"line":248,"column":0},"end":{"line":248,"column":27}},"248":{"start":{"line":249,"column":0},"end":{"line":249,"column":37}},"249":{"start":{"line":250,"column":0},"end":{"line":250,"column":45}},"250":{"start":{"line":251,"column":0},"end":{"line":251,"column":28}},"251":{"start":{"line":252,"column":0},"end":{"line":252,"column":74}},"252":{"start":{"line":253,"column":0},"end":{"line":253,"column":40}},"253":{"start":{"line":254,"column":0},"end":{"line":254,"column":31}},"254":{"start":{"line":255,"column":0},"end":{"line":255,"column":9}},"255":{"start":{"line":256,"column":0},"end":{"line":256,"column":7}},"257":{"start":{"line":258,"column":0},"end":{"line":258,"column":40}},"258":{"start":{"line":259,"column":0},"end":{"line":259,"column":43}},"259":{"start":{"line":260,"column":0},"end":{"line":260,"column":27}},"260":{"start":{"line":261,"column":0},"end":{"line":261,"column":40}},"261":{"start":{"line":262,"column":0},"end":{"line":262,"column":80}},"262":{"start":{"line":263,"column":0},"end":{"line":263,"column":15}},"263":{"start":{"line":264,"column":0},"end":{"line":264,"column":7}},"265":{"start":{"line":266,"column":0},"end":{"line":266,"column":13}},"266":{"start":{"line":267,"column":0},"end":{"line":267,"column":5}},"267":{"start":{"line":268,"column":0},"end":{"line":268,"column":3}},"270":{"start":{"line":271,"column":0},"end":{"line":271,"column":31}},"271":{"start":{"line":272,"column":0},"end":{"line":272,"column":30}},"272":{"start":{"line":273,"column":0},"end":{"line":273,"column":39}},"273":{"start":{"line":274,"column":0},"end":{"line":274,"column":23}},"274":{"start":{"line":275,"column":0},"end":{"line":275,"column":33}},"275":{"start":{"line":276,"column":0},"end":{"line":276,"column":52}},"276":{"start":{"line":277,"column":0},"end":{"line":277,"column":38}},"277":{"start":{"line":278,"column":0},"end":{"line":278,"column":58}},"278":{"start":{"line":279,"column":0},"end":{"line":279,"column":29}},"279":{"start":{"line":280,"column":0},"end":{"line":280,"column":45}},"280":{"start":{"line":281,"column":0},"end":{"line":281,"column":5}},"281":{"start":{"line":282,"column":0},"end":{"line":282,"column":50}},"282":{"start":{"line":283,"column":0},"end":{"line":283,"column":24}},"283":{"start":{"line":284,"column":0},"end":{"line":284,"column":39}},"284":{"start":{"line":285,"column":0},"end":{"line":285,"column":43}},"285":{"start":{"line":286,"column":0},"end":{"line":286,"column":41}},"286":{"start":{"line":287,"column":0},"end":{"line":287,"column":23}},"287":{"start":{"line":288,"column":0},"end":{"line":288,"column":55}},"288":{"start":{"line":289,"column":0},"end":{"line":289,"column":33}},"289":{"start":{"line":290,"column":0},"end":{"line":290,"column":56}},"290":{"start":{"line":291,"column":0},"end":{"line":291,"column":13}},"291":{"start":{"line":292,"column":0},"end":{"line":292,"column":5}},"292":{"start":{"line":293,"column":0},"end":{"line":293,"column":11}},"293":{"start":{"line":294,"column":0},"end":{"line":294,"column":3}},"296":{"start":{"line":297,"column":0},"end":{"line":297,"column":20}},"297":{"start":{"line":298,"column":0},"end":{"line":298,"column":33}},"298":{"start":{"line":299,"column":0},"end":{"line":299,"column":37}},"299":{"start":{"line":300,"column":0},"end":{"line":300,"column":23}},"300":{"start":{"line":301,"column":0},"end":{"line":301,"column":33}},"301":{"start":{"line":302,"column":0},"end":{"line":302,"column":37}},"302":{"start":{"line":303,"column":0},"end":{"line":303,"column":11}},"303":{"start":{"line":304,"column":0},"end":{"line":304,"column":39}},"304":{"start":{"line":305,"column":0},"end":{"line":305,"column":23}},"305":{"start":{"line":306,"column":0},"end":{"line":306,"column":34}},"306":{"start":{"line":307,"column":0},"end":{"line":307,"column":75}},"307":{"start":{"line":308,"column":0},"end":{"line":308,"column":14}},"308":{"start":{"line":309,"column":0},"end":{"line":309,"column":6}},"309":{"start":{"line":310,"column":0},"end":{"line":310,"column":48}},"310":{"start":{"line":311,"column":0},"end":{"line":311,"column":11}},"311":{"start":{"line":312,"column":0},"end":{"line":312,"column":3}},"314":{"start":{"line":315,"column":0},"end":{"line":315,"column":39}},"315":{"start":{"line":316,"column":0},"end":{"line":316,"column":38}},"316":{"start":{"line":317,"column":0},"end":{"line":317,"column":39}},"317":{"start":{"line":318,"column":0},"end":{"line":318,"column":23}},"318":{"start":{"line":319,"column":0},"end":{"line":319,"column":33}},"319":{"start":{"line":320,"column":0},"end":{"line":320,"column":57}},"320":{"start":{"line":321,"column":0},"end":{"line":321,"column":24}},"321":{"start":{"line":322,"column":0},"end":{"line":322,"column":15}},"322":{"start":{"line":323,"column":0},"end":{"line":323,"column":104}},"323":{"start":{"line":324,"column":0},"end":{"line":324,"column":19}},"324":{"start":{"line":325,"column":0},"end":{"line":325,"column":10}},"325":{"start":{"line":326,"column":0},"end":{"line":326,"column":8}},"326":{"start":{"line":327,"column":0},"end":{"line":327,"column":15}},"327":{"start":{"line":328,"column":0},"end":{"line":328,"column":5}},"328":{"start":{"line":329,"column":0},"end":{"line":329,"column":3}},"331":{"start":{"line":332,"column":0},"end":{"line":332,"column":37}},"332":{"start":{"line":333,"column":0},"end":{"line":333,"column":21}},"333":{"start":{"line":334,"column":0},"end":{"line":334,"column":34}},"334":{"start":{"line":335,"column":0},"end":{"line":335,"column":11}},"335":{"start":{"line":336,"column":0},"end":{"line":336,"column":81}},"336":{"start":{"line":337,"column":0},"end":{"line":337,"column":11}},"337":{"start":{"line":338,"column":0},"end":{"line":338,"column":20}},"338":{"start":{"line":339,"column":0},"end":{"line":339,"column":4}},"340":{"start":{"line":341,"column":0},"end":{"line":341,"column":48}},"341":{"start":{"line":342,"column":0},"end":{"line":342,"column":1}}},"s":{"0":1,"2":1,"39":1,"40":1,"41":1,"42":1,"43":1,"44":1,"45":1,"46":1,"47":1,"48":1,"49":1,"50":1,"51":1,"52":1,"53":1,"54":1,"55":1,"56":1,"58":1,"59":1,"60":1,"61":1,"62":1,"63":1,"64":1,"65":1,"66":1,"67":1,"69":1,"70":1,"71":1,"72":1,"73":1,"74":1,"75":1,"76":1,"77":1,"78":1,"79":1,"80":1,"81":1,"82":1,"83":1,"84":1,"85":1,"91":1,"92":0,"93":0,"94":0,"95":0,"96":0,"97":1,"98":1,"102":1,"103":0,"104":0,"105":0,"106":1,"107":1,"111":1,"112":0,"113":0,"114":0,"115":1,"116":1,"117":1,"119":1,"120":1,"121":1,"122":1,"123":1,"125":1,"126":1,"127":1,"128":1,"129":1,"130":1,"131":1,"132":1,"134":0,"136":1,"137":1,"138":1,"139":1,"140":1,"141":1,"143":1,"144":0,"145":0,"146":0,"147":0,"148":0,"150":1,"151":0,"152":0,"153":0,"154":0,"155":0,"156":0,"157":0,"158":0,"159":0,"160":0,"161":0,"164":1,"165":1,"166":1,"167":1,"168":1,"169":1,"170":1,"171":1,"172":1,"173":1,"174":1,"175":1,"176":1,"177":1,"178":1,"179":1,"180":1,"181":1,"182":1,"183":1,"186":1,"187":1,"188":1,"189":1,"190":1,"191":1,"193":1,"194":1,"195":1,"196":1,"197":1,"198":1,"199":1,"202":1,"203":1,"204":1,"205":1,"206":1,"207":1,"208":1,"209":1,"210":1,"213":1,"214":1,"215":1,"216":1,"219":1,"220":0,"221":0,"222":0,"223":0,"224":0,"225":0,"226":0,"227":0,"228":0,"231":1,"232":0,"233":0,"234":0,"235":0,"236":0,"237":0,"238":0,"239":0,"240":0,"241":0,"242":0,"243":0,"244":0,"246":0,"247":0,"248":0,"249":0,"250":0,"251":0,"252":0,"253":0,"254":0,"255":0,"257":0,"258":0,"259":0,"260":0,"261":0,"262":0,"263":0,"265":0,"266":0,"267":0,"270":1,"271":0,"272":0,"273":0,"274":0,"275":0,"276":0,"277":0,"278":0,"279":0,"280":0,"281":0,"282":0,"283":0,"284":0,"285":0,"286":0,"287":0,"288":0,"289":0,"290":0,"291":0,"292":0,"293":0,"296":1,"297":0,"298":0,"299":0,"300":0,"301":0,"302":0,"303":0,"304":0,"305":0,"306":0,"307":0,"308":0,"309":0,"310":0,"311":0,"314":1,"315":0,"316":0,"317":0,"318":0,"319":0,"320":0,"321":0,"322":0,"323":0,"324":0,"325":0,"326":0,"327":0,"328":0,"331":1,"332":1,"333":1,"334":1,"335":1,"336":1,"337":1,"338":1,"340":1,"341":1},"branchMap":{"0":{"type":"branch","line":40,"loc":{"start":{"line":40,"column":0},"end":{"line":118,"column":1}},"locations":[{"start":{"line":40,"column":0},"end":{"line":118,"column":1}}]},"1":{"type":"branch","line":60,"loc":{"start":{"line":60,"column":57},"end":{"line":60,"column":69}},"locations":[{"start":{"line":60,"column":57},"end":{"line":60,"column":69}}]},"2":{"type":"branch","line":62,"loc":{"start":{"line":62,"column":59},"end":{"line":62,"column":71}},"locations":[{"start":{"line":62,"column":59},"end":{"line":62,"column":71}}]},"3":{"type":"branch","line":64,"loc":{"start":{"line":64,"column":65},"end":{"line":64,"column":73}},"locations":[{"start":{"line":64,"column":65},"end":{"line":64,"column":73}}]},"4":{"type":"branch","line":66,"loc":{"start":{"line":66,"column":71},"end":{"line":66,"column":79}},"locations":[{"start":{"line":66,"column":71},"end":{"line":66,"column":79}}]},"5":{"type":"branch","line":68,"loc":{"start":{"line":68,"column":69},"end":{"line":68,"column":77}},"locations":[{"start":{"line":68,"column":69},"end":{"line":68,"column":77}}]},"6":{"type":"branch","line":71,"loc":{"start":{"line":71,"column":10},"end":{"line":71,"column":24}},"locations":[{"start":{"line":71,"column":10},"end":{"line":71,"column":24}}]},"7":{"type":"branch","line":72,"loc":{"start":{"line":72,"column":11},"end":{"line":72,"column":26}},"locations":[{"start":{"line":72,"column":11},"end":{"line":72,"column":26}}]},"8":{"type":"branch","line":73,"loc":{"start":{"line":73,"column":13},"end":{"line":73,"column":30}},"locations":[{"start":{"line":73,"column":13},"end":{"line":73,"column":30}}]},"9":{"type":"branch","line":74,"loc":{"start":{"line":74,"column":17},"end":{"line":74,"column":38}},"locations":[{"start":{"line":74,"column":17},"end":{"line":74,"column":38}}]},"10":{"type":"branch","line":75,"loc":{"start":{"line":75,"column":11},"end":{"line":75,"column":26}},"locations":[{"start":{"line":75,"column":11},"end":{"line":75,"column":26}}]},"11":{"type":"branch","line":76,"loc":{"start":{"line":76,"column":16},"end":{"line":76,"column":36}},"locations":[{"start":{"line":76,"column":16},"end":{"line":76,"column":36}}]},"12":{"type":"branch","line":77,"loc":{"start":{"line":77,"column":18},"end":{"line":77,"column":40}},"locations":[{"start":{"line":77,"column":18},"end":{"line":77,"column":40}}]},"13":{"type":"branch","line":78,"loc":{"start":{"line":78,"column":14},"end":{"line":78,"column":33}},"locations":[{"start":{"line":78,"column":14},"end":{"line":78,"column":33}}]},"14":{"type":"branch","line":79,"loc":{"start":{"line":79,"column":23},"end":{"line":79,"column":53}},"locations":[{"start":{"line":79,"column":23},"end":{"line":79,"column":53}}]},"15":{"type":"branch","line":80,"loc":{"start":{"line":80,"column":10},"end":{"line":80,"column":25}},"locations":[{"start":{"line":80,"column":10},"end":{"line":80,"column":25}}]},"16":{"type":"branch","line":81,"loc":{"start":{"line":81,"column":10},"end":{"line":81,"column":25}},"locations":[{"start":{"line":81,"column":10},"end":{"line":81,"column":25}}]},"17":{"type":"branch","line":82,"loc":{"start":{"line":82,"column":12},"end":{"line":82,"column":29}},"locations":[{"start":{"line":82,"column":12},"end":{"line":82,"column":29}}]},"18":{"type":"branch","line":83,"loc":{"start":{"line":83,"column":12},"end":{"line":83,"column":29}},"locations":[{"start":{"line":83,"column":12},"end":{"line":83,"column":29}}]},"19":{"type":"branch","line":84,"loc":{"start":{"line":84,"column":11},"end":{"line":84,"column":27}},"locations":[{"start":{"line":84,"column":11},"end":{"line":84,"column":27}}]},"20":{"type":"branch","line":85,"loc":{"start":{"line":85,"column":20},"end":{"line":85,"column":46}},"locations":[{"start":{"line":85,"column":20},"end":{"line":85,"column":46}}]},"21":{"type":"branch","line":120,"loc":{"start":{"line":120,"column":0},"end":{"line":342,"column":1}},"locations":[{"start":{"line":120,"column":0},"end":{"line":342,"column":1}}]},"22":{"type":"branch","line":133,"loc":{"start":{"line":133,"column":2},"end":{"line":135,"column":3}},"locations":[{"start":{"line":133,"column":2},"end":{"line":135,"column":3}}]},"23":{"type":"branch","line":206,"loc":{"start":{"line":206,"column":18},"end":{"line":206,"column":48}},"locations":[{"start":{"line":206,"column":18},"end":{"line":206,"column":48}}]},"24":{"type":"branch","line":207,"loc":{"start":{"line":207,"column":23},"end":{"line":207,"column":82}},"locations":[{"start":{"line":207,"column":23},"end":{"line":207,"column":82}}]},"25":{"type":"branch","line":208,"loc":{"start":{"line":208,"column":25},"end":{"line":208,"column":86}},"locations":[{"start":{"line":208,"column":25},"end":{"line":208,"column":86}}]},"26":{"type":"branch","line":220,"loc":{"start":{"line":220,"column":37},"end":{"line":229,"column":3}},"locations":[{"start":{"line":220,"column":37},"end":{"line":229,"column":3}}]},"27":{"type":"branch","line":232,"loc":{"start":{"line":232,"column":34},"end":{"line":268,"column":3}},"locations":[{"start":{"line":232,"column":34},"end":{"line":268,"column":3}}]},"28":{"type":"branch","line":271,"loc":{"start":{"line":271,"column":30},"end":{"line":294,"column":3}},"locations":[{"start":{"line":271,"column":30},"end":{"line":294,"column":3}}]},"29":{"type":"branch","line":297,"loc":{"start":{"line":297,"column":19},"end":{"line":312,"column":3}},"locations":[{"start":{"line":297,"column":19},"end":{"line":312,"column":3}}]},"30":{"type":"branch","line":315,"loc":{"start":{"line":315,"column":38},"end":{"line":329,"column":3}},"locations":[{"start":{"line":315,"column":38},"end":{"line":329,"column":3}}]}},"b":{"0":[1],"1":[0],"2":[0],"3":[0],"4":[0],"5":[0],"6":[0],"7":[0],"8":[0],"9":[0],"10":[0],"11":[0],"12":[0],"13":[0],"14":[0],"15":[0],"16":[0],"17":[0],"18":[0],"19":[0],"20":[0],"21":[1],"22":[0],"23":[0],"24":[0],"25":[0],"26":[0],"27":[0],"28":[0],"29":[0],"30":[0]},"fnMap":{"0":{"name":"fetchCvData","decl":{"start":{"line":40,"column":0},"end":{"line":118,"column":1}},"loc":{"start":{"line":40,"column":0},"end":{"line":118,"column":1}},"line":40},"1":{"name":"generateCvPdf","decl":{"start":{"line":120,"column":0},"end":{"line":342,"column":1}},"loc":{"start":{"line":120,"column":0},"end":{"line":342,"column":1}},"line":120},"2":{"name":"checkPageBreak","decl":{"start":{"line":144,"column":2},"end":{"line":149,"column":3}},"loc":{"start":{"line":144,"column":2},"end":{"line":149,"column":3}},"line":144},"3":{"name":"addSectionTitle","decl":{"start":{"line":151,"column":2},"end":{"line":162,"column":3}},"loc":{"start":{"line":151,"column":2},"end":{"line":162,"column":3}},"line":151}},"f":{"0":1,"1":1,"2":0,"3":0}}
,"D:\\replit_projects\\new_2\\Portfolio-Fixer\\artifacts\\api-server\\src\\utils\\qrcode.ts": {"path":"D:\\replit_projects\\new_2\\Portfolio-Fixer\\artifacts\\api-server\\src\\utils\\qrcode.ts","all":false,"statementMap":{"0":{"start":{"line":1,"column":0},"end":{"line":1,"column":28}},"2":{"start":{"line":3,"column":0},"end":{"line":3,"column":37}},"3":{"start":{"line":4,"column":0},"end":{"line":4,"column":14}},"4":{"start":{"line":5,"column":0},"end":{"line":5,"column":13}},"10":{"start":{"line":11,"column":0},"end":{"line":11,"column":20}},"11":{"start":{"line":12,"column":0},"end":{"line":12,"column":9}},"12":{"start":{"line":13,"column":0},"end":{"line":13,"column":15}},"13":{"start":{"line":14,"column":0},"end":{"line":14,"column":15}},"14":{"start":{"line":15,"column":0},"end":{"line":15,"column":26}},"15":{"start":{"line":16,"column":0},"end":{"line":16,"column":27}},"16":{"start":{"line":17,"column":0},"end":{"line":17,"column":20}},"18":{"start":{"line":19,"column":0},"end":{"line":19,"column":38}},"19":{"start":{"line":20,"column":0},"end":{"line":20,"column":16}},"20":{"start":{"line":21,"column":0},"end":{"line":21,"column":11}},"21":{"start":{"line":22,"column":0},"end":{"line":22,"column":12}},"22":{"start":{"line":23,"column":0},"end":{"line":23,"column":22}},"23":{"start":{"line":24,"column":0},"end":{"line":24,"column":24}},"24":{"start":{"line":25,"column":0},"end":{"line":25,"column":6}},"25":{"start":{"line":26,"column":0},"end":{"line":26,"column":30}},"26":{"start":{"line":27,"column":0},"end":{"line":27,"column":5}},"27":{"start":{"line":28,"column":0},"end":{"line":28,"column":1}}},"s":{"0":1,"2":1,"3":1,"4":1,"10":1,"11":1,"12":1,"13":1,"14":1,"15":1,"16":1,"18":1,"19":1,"20":1,"21":1,"22":1,"23":1,"24":1,"25":1,"26":1,"27":1},"branchMap":{"0":{"type":"branch","line":3,"loc":{"start":{"line":3,"column":0},"end":{"line":28,"column":1}},"locations":[{"start":{"line":3,"column":0},"end":{"line":28,"column":1}}]},"1":{"type":"branch","line":17,"loc":{"start":{"line":17,"column":6},"end":{"line":17,"column":20}},"locations":[{"start":{"line":17,"column":6},"end":{"line":17,"column":20}}]}},"b":{"0":[1],"1":[0]},"fnMap":{"0":{"name":"generateQRCode","decl":{"start":{"line":3,"column":0},"end":{"line":28,"column":1}},"loc":{"start":{"line":3,"column":0},"end":{"line":28,"column":1}},"line":3}},"f":{"0":1}}
}
